This is XeTeX, Version 3.14159265-2.6-0.999992 (TeX Live 2020/W32TeX) (preloaded format=xelatex 2021.3.10)  25 APR 2021 10:40
entering extended mode
 restricted \write18 enabled.
 %&-line parsing enabled.
**Rbook.tex
(./Rbook.tex
LaTeX2e <2020-10-01> patch level 4
L3 programming layer <2021-02-18> (c:/Users/zhongyf/AppData/Roaming/TinyTeX/tex
mf-dist/tex/latex/base/book.cls
Document Class: book 2020/04/10 v1.4m Standard LaTeX document class
(c:/Users/zhongyf/AppData/Roaming/TinyTeX/texmf-dist/tex/latex/base/bk10.clo
File: bk10.clo 2020/04/10 v1.4m Standard LaTeX file (size option)
)
\c@part=\count175
\c@chapter=\count176
\c@section=\count177
\c@subsection=\count178
\c@subsubsection=\count179
\c@paragraph=\count180
\c@subparagraph=\count181
\c@figure=\count182
\c@table=\count183
\abovecaptionskip=\skip47
\belowcaptionskip=\skip48
\bibindent=\dimen138
) (c:/Users/zhongyf/AppData/Roaming/TinyTeX/texmf-dist/tex/latex/lm/lmodern.sty
Package: lmodern 2009/10/30 v1.6 Latin Modern Fonts
LaTeX Font Info:    Overwriting symbol font `operators' in version `normal'
(Font)                  OT1/cmr/m/n --> OT1/lmr/m/n on input line 22.
LaTeX Font Info:    Overwriting symbol font `letters' in version `normal'
(Font)                  OML/cmm/m/it --> OML/lmm/m/it on input line 23.
LaTeX Font Info:    Overwriting symbol font `symbols' in version `normal'
(Font)                  OMS/cmsy/m/n --> OMS/lmsy/m/n on input line 24.
LaTeX Font Info:    Overwriting symbol font `largesymbols' in version `normal'
(Font)                  OMX/cmex/m/n --> OMX/lmex/m/n on input line 25.
LaTeX Font Info:    Overwriting symbol font `operators' in version `bold'
(Font)                  OT1/cmr/bx/n --> OT1/lmr/bx/n on input line 26.
LaTeX Font Info:    Overwriting symbol font `letters' in version `bold'
(Font)                  OML/cmm/b/it --> OML/lmm/b/it on input line 27.
LaTeX Font Info:    Overwriting symbol font `symbols' in version `bold'
(Font)                  OMS/cmsy/b/n --> OMS/lmsy/b/n on input line 28.
LaTeX Font Info:    Overwriting symbol font `largesymbols' in version `bold'
(Font)                  OMX/cmex/m/n --> OMX/lmex/m/n on input line 29.
LaTeX Font Info:    Overwriting math alphabet `\mathbf' in version `normal'
(Font)                  OT1/cmr/bx/n --> OT1/lmr/bx/n on input line 31.
LaTeX Font Info:    Overwriting math alphabet `\mathsf' in version `normal'
(Font)                  OT1/cmss/m/n --> OT1/lmss/m/n on input line 32.
LaTeX Font Info:    Overwriting math alphabet `\mathit' in version `normal'
(Font)                  OT1/cmr/m/it --> OT1/lmr/m/it on input line 33.
LaTeX Font Info:    Overwriting math alphabet `\mathtt' in version `normal'
(Font)                  OT1/cmtt/m/n --> OT1/lmtt/m/n on input line 34.
LaTeX Font Info:    Overwriting math alphabet `\mathbf' in version `bold'
(Font)                  OT1/cmr/bx/n --> OT1/lmr/bx/n on input line 35.
LaTeX Font Info:    Overwriting math alphabet `\mathsf' in version `bold'
(Font)                  OT1/cmss/bx/n --> OT1/lmss/bx/n on input line 36.
LaTeX Font Info:    Overwriting math alphabet `\mathit' in version `bold'
(Font)                  OT1/cmr/bx/it --> OT1/lmr/bx/it on input line 37.
LaTeX Font Info:    Overwriting math alphabet `\mathtt' in version `bold'
(Font)                  OT1/cmtt/m/n --> OT1/lmtt/m/n on input line 38.
)
(c:/Users/zhongyf/AppData/Roaming/TinyTeX/texmf-dist/tex/latex/amsmath/amsmath.
sty
Package: amsmath 2020/09/23 v2.17i AMS math features
\@mathmargin=\skip49
For additional information on amsmath, use the `?' option.

(c:/Users/zhongyf/AppData/Roaming/TinyTeX/texmf-dist/tex/latex/amsmath/amstext.
sty
Package: amstext 2000/06/29 v2.01 AMS text

(c:/Users/zhongyf/AppData/Roaming/TinyTeX/texmf-dist/tex/latex/amsmath/amsgen.s
ty
File: amsgen.sty 1999/11/30 v2.0 generic functions
\@emptytoks=\toks15
\ex@=\dimen139
))
(c:/Users/zhongyf/AppData/Roaming/TinyTeX/texmf-dist/tex/latex/amsmath/amsbsy.s
ty
Package: amsbsy 1999/11/29 v1.2d Bold Symbols
\pmbraise@=\dimen140
)
(c:/Users/zhongyf/AppData/Roaming/TinyTeX/texmf-dist/tex/latex/amsmath/amsopn.s
ty
Package: amsopn 2016/03/08 v2.02 operator names
)
\inf@bad=\count184
LaTeX Info: Redefining \frac on input line 234.
\uproot@=\count185
\leftroot@=\count186
LaTeX Info: Redefining \overline on input line 399.
\classnum@=\count187
\DOTSCASE@=\count188
LaTeX Info: Redefining \ldots on input line 496.
LaTeX Info: Redefining \dots on input line 499.
LaTeX Info: Redefining \cdots on input line 620.
\Mathstrutbox@=\box47
\strutbox@=\box48
\big@size=\dimen141
LaTeX Font Info:    Redeclaring font encoding OML on input line 743.
LaTeX Font Info:    Redeclaring font encoding OMS on input line 744.
\macc@depth=\count189
\c@MaxMatrixCols=\count190
\dotsspace@=\muskip16
\c@parentequation=\count191
\dspbrk@lvl=\count192
\tag@help=\toks16
\row@=\count193
\column@=\count194
\maxfields@=\count195
\andhelp@=\toks17
\eqnshift@=\dimen142
\alignsep@=\dimen143
\tagshift@=\dimen144
\tagwidth@=\dimen145
\totwidth@=\dimen146
\lineht@=\dimen147
\@envbody=\toks18
\multlinegap=\skip50
\multlinetaggap=\skip51
\mathdisplay@stack=\toks19
LaTeX Info: Redefining \[ on input line 2923.
LaTeX Info: Redefining \] on input line 2924.
)
(c:/Users/zhongyf/AppData/Roaming/TinyTeX/texmf-dist/tex/generic/iftex/ifxetex.
sty
Package: ifxetex 2019/10/25 v0.7 ifxetex legacy package. Use iftex instead.

(c:/Users/zhongyf/AppData/Roaming/TinyTeX/texmf-dist/tex/generic/iftex/iftex.st
y
Package: iftex 2020/03/06 v1.0d TeX engine tests
))
(c:/Users/zhongyf/AppData/Roaming/TinyTeX/texmf-dist/tex/generic/iftex/ifluatex
.sty
Package: ifluatex 2019/10/25 v1.5 ifluatex legacy package. Use iftex instead.
)
(c:/Users/zhongyf/AppData/Roaming/TinyTeX/texmf-dist/tex/latex/unicode-math/uni
code-math.sty
(c:/Users/zhongyf/AppData/Roaming/TinyTeX/texmf-dist/tex/latex/l3kernel/expl3.s
ty
Package: expl3 2021-02-18 L3 programming layer (loader) 

(c:/Users/zhongyf/AppData/Roaming/TinyTeX/texmf-dist/tex/latex/l3backend/l3back
end-xetex.def
File: l3backend-xetex.def 2021-03-02 L3 backend support: XeTeX
(|extractbb --version)
\c__kernel_sys_dvipdfmx_version_int=\count196
\l__color_backend_stack_int=\count197
\g__color_backend_stack_int=\count198
\g__graphics_track_int=\count199
\l__pdf_internal_box=\box49
\g__pdf_backend_object_int=\count266
\g__pdf_backend_annotation_int=\count267
\g__pdf_backend_link_int=\count268
))
Package: unicode-math 2020/01/31 v0.8q Unicode maths in XeLaTeX and LuaLaTeX

(c:/Users/zhongyf/AppData/Roaming/TinyTeX/texmf-dist/tex/latex/unicode-math/uni
code-math-xetex.sty
Package: unicode-math-xetex 2020/01/31 v0.8q Unicode maths in XeLaTeX and LuaLa
TeX

(c:/Users/zhongyf/AppData/Roaming/TinyTeX/texmf-dist/tex/latex/l3packages/xpars
e/xparse.sty
(c:/Users/zhongyf/AppData/Roaming/TinyTeX/texmf-dist/tex/latex/l3packages/xpars
e/xparse-2020-10-01.sty
(c:/Users/zhongyf/AppData/Roaming/TinyTeX/texmf-dist/tex/latex/l3packages/xpars
e/xparse-generic.tex)))
(c:/Users/zhongyf/AppData/Roaming/TinyTeX/texmf-dist/tex/latex/l3packages/l3key
s2e/l3keys2e.sty
Package: l3keys2e 2021-02-02 LaTeX2e option processing using LaTeX3 keys
)
(c:/Users/zhongyf/AppData/Roaming/TinyTeX/texmf-dist/tex/latex/fontspec/fontspe
c.sty
Package: fontspec 2020/02/21 v2.7i Font selection for XeLaTeX and LuaLaTeX

(c:/Users/zhongyf/AppData/Roaming/TinyTeX/texmf-dist/tex/latex/fontspec/fontspe
c-xetex.sty
Package: fontspec-xetex 2020/02/21 v2.7i Font selection for XeLaTeX and LuaLaTe
X
\l__fontspec_script_int=\count269
\l__fontspec_language_int=\count270
\l__fontspec_strnum_int=\count271
\l__fontspec_tmp_int=\count272
\l__fontspec_tmpa_int=\count273
\l__fontspec_tmpb_int=\count274
\l__fontspec_tmpc_int=\count275
\l__fontspec_em_int=\count276
\l__fontspec_emdef_int=\count277
\l__fontspec_strong_int=\count278
\l__fontspec_strongdef_int=\count279
\l__fontspec_tmpa_dim=\dimen148
\l__fontspec_tmpb_dim=\dimen149
\l__fontspec_tmpc_dim=\dimen150

(c:/Users/zhongyf/AppData/Roaming/TinyTeX/texmf-dist/tex/latex/base/fontenc.sty
Package: fontenc 2020/08/10 v2.0s Standard LaTeX package
)
(c:/Users/zhongyf/AppData/Roaming/TinyTeX/texmf-dist/tex/latex/fontspec/fontspe
c.cfg))) (c:/Users/zhongyf/AppData/Roaming/TinyTeX/texmf-dist/tex/latex/base/fi
x-cm.sty
Package: fix-cm 2015/01/14 v1.1t fixes to LaTeX
(c:/Users/zhongyf/AppData/Roaming/TinyTeX/texmf-dist/tex/latex/base/ts1enc.def
File: ts1enc.def 2001/06/05 v3.0e (jk/car/fm) Standard LaTeX file
LaTeX Font Info:    Redeclaring font encoding TS1 on input line 47.
))
\g__um_fam_int=\count280
\g__um_fonts_used_int=\count281
\l__um_primecount_int=\count282
\g__um_primekern_muskip=\muskip17

(c:/Users/zhongyf/AppData/Roaming/TinyTeX/texmf-dist/tex/latex/unicode-math/uni
code-math-table.tex)))
(c:/Users/zhongyf/AppData/Roaming/TinyTeX/texmf-dist/tex/latex/xcolor/xcolor.st
y
Package: xcolor 2016/05/11 v2.12 LaTeX color extensions (UK)

(c:/Users/zhongyf/AppData/Roaming/TinyTeX/texmf-dist/tex/latex/graphics-cfg/col
or.cfg
File: color.cfg 2016/01/02 v1.6 sample color configuration
)
Package xcolor Info: Driver file: xetex.def on input line 225.

(c:/Users/zhongyf/AppData/Roaming/TinyTeX/texmf-dist/tex/latex/graphics-def/xet
ex.def
File: xetex.def 2020/08/26 v5.0i Graphics/color driver for xetex
)
Package xcolor Info: Model `cmy' substituted by `cmy0' on input line 1348.
Package xcolor Info: Model `RGB' extended on input line 1364.
Package xcolor Info: Model `HTML' substituted by `rgb' on input line 1366.
Package xcolor Info: Model `Hsb' substituted by `hsb' on input line 1367.
Package xcolor Info: Model `tHsb' substituted by `hsb' on input line 1368.
Package xcolor Info: Model `HSB' substituted by `hsb' on input line 1369.
Package xcolor Info: Model `Gray' substituted by `gray' on input line 1370.
Package xcolor Info: Model `wave' substituted by `hsb' on input line 1371.
)
(c:/Users/zhongyf/AppData/Roaming/TinyTeX/texmf-dist/tex/latex/hyperref/hyperre
f.sty
Package: hyperref 2021-02-27 v7.00k Hypertext links for LaTeX

(c:/Users/zhongyf/AppData/Roaming/TinyTeX/texmf-dist/tex/generic/ltxcmds/ltxcmd
s.sty
Package: ltxcmds 2020-05-10 v1.25 LaTeX kernel commands for general use (HO)
)
(c:/Users/zhongyf/AppData/Roaming/TinyTeX/texmf-dist/tex/generic/pdftexcmds/pdf
texcmds.sty
Package: pdftexcmds 2020-06-27 v0.33 Utility functions of pdfTeX for LuaTeX (HO
)

(c:/Users/zhongyf/AppData/Roaming/TinyTeX/texmf-dist/tex/generic/infwarerr/infw
arerr.sty
Package: infwarerr 2019/12/03 v1.5 Providing info/warning/error messages (HO)
)
Package pdftexcmds Info: \pdf@primitive is available.
Package pdftexcmds Info: \pdf@ifprimitive is available.
Package pdftexcmds Info: \pdfdraftmode not found.
)
(c:/Users/zhongyf/AppData/Roaming/TinyTeX/texmf-dist/tex/latex/graphics/keyval.
sty
Package: keyval 2014/10/28 v1.15 key=value parser (DPC)
\KV@toks@=\toks20
)
(c:/Users/zhongyf/AppData/Roaming/TinyTeX/texmf-dist/tex/generic/kvsetkeys/kvse
tkeys.sty
Package: kvsetkeys 2019/12/15 v1.18 Key value parser (HO)
)
(c:/Users/zhongyf/AppData/Roaming/TinyTeX/texmf-dist/tex/generic/kvdefinekeys/k
vdefinekeys.sty
Package: kvdefinekeys 2019-12-19 v1.6 Define keys (HO)
)
(c:/Users/zhongyf/AppData/Roaming/TinyTeX/texmf-dist/tex/generic/pdfescape/pdfe
scape.sty
Package: pdfescape 2019/12/09 v1.15 Implements pdfTeX's escape features (HO)
)
(c:/Users/zhongyf/AppData/Roaming/TinyTeX/texmf-dist/tex/latex/hycolor/hycolor.
sty
Package: hycolor 2020-01-27 v1.10 Color options for hyperref/bookmark (HO)
)
(c:/Users/zhongyf/AppData/Roaming/TinyTeX/texmf-dist/tex/latex/letltxmacro/letl
txmacro.sty
Package: letltxmacro 2019/12/03 v1.6 Let assignment for LaTeX macros (HO)
)
(c:/Users/zhongyf/AppData/Roaming/TinyTeX/texmf-dist/tex/latex/auxhook/auxhook.
sty
Package: auxhook 2019-12-17 v1.6 Hooks for auxiliary files (HO)
)
(c:/Users/zhongyf/AppData/Roaming/TinyTeX/texmf-dist/tex/latex/kvoptions/kvopti
ons.sty
Package: kvoptions 2020-10-07 v3.14 Key value format for package options (HO)
)
\@linkdim=\dimen151
\Hy@linkcounter=\count283
\Hy@pagecounter=\count284

(c:/Users/zhongyf/AppData/Roaming/TinyTeX/texmf-dist/tex/latex/hyperref/pd1enc.
def
File: pd1enc.def 2021-02-27 v7.00k Hyperref: PDFDocEncoding definition (HO)
)
(c:/Users/zhongyf/AppData/Roaming/TinyTeX/texmf-dist/tex/latex/hyperref/hyperre
f-langpatches.def
File: hyperref-langpatches.def 2021-02-27 v7.00k Hyperref: patches for babel la
nguages
)
(c:/Users/zhongyf/AppData/Roaming/TinyTeX/texmf-dist/tex/generic/intcalc/intcal
c.sty
Package: intcalc 2019/12/15 v1.3 Expandable calculations with integers (HO)
)
(c:/Users/zhongyf/AppData/Roaming/TinyTeX/texmf-dist/tex/generic/etexcmds/etexc
mds.sty
Package: etexcmds 2019/12/15 v1.7 Avoid name clashes with e-TeX commands (HO)
)
\Hy@SavedSpaceFactor=\count285

(c:/Users/zhongyf/AppData/Roaming/TinyTeX/texmf-dist/tex/latex/hyperref/puenc.d
ef
File: puenc.def 2021-02-27 v7.00k Hyperref: PDF Unicode definition (HO)
)
Package hyperref Info: Option `unicode' set `true' on input line 4073.
Package hyperref Info: Hyper figures OFF on input line 4192.
Package hyperref Info: Link nesting OFF on input line 4197.
Package hyperref Info: Hyper index ON on input line 4200.
Package hyperref Info: Plain pages OFF on input line 4207.
Package hyperref Info: Backreferencing OFF on input line 4212.
Package hyperref Info: Implicit mode ON; LaTeX internals redefined.
Package hyperref Info: Bookmarks ON on input line 4445.
\c@Hy@tempcnt=\count286
(c:/Users/zhongyf/AppData/Roaming/TinyTeX/texmf-dist/tex/latex/url/url.sty
\Urlmuskip=\muskip18
Package: url 2013/09/16  ver 3.4  Verb mode for urls, etc.
)
LaTeX Info: Redefining \url on input line 4804.
\XeTeXLinkMargin=\dimen152

(c:/Users/zhongyf/AppData/Roaming/TinyTeX/texmf-dist/tex/generic/bitset/bitset.
sty
Package: bitset 2019/12/09 v1.3 Handle bit-vector datatype (HO)

(c:/Users/zhongyf/AppData/Roaming/TinyTeX/texmf-dist/tex/generic/bigintcalc/big
intcalc.sty
Package: bigintcalc 2019/12/15 v1.5 Expandable calculations on big integers (HO
)
))
\Fld@menulength=\count287
\Field@Width=\dimen153
\Fld@charsize=\dimen154
Package hyperref Info: Hyper figures OFF on input line 6075.
Package hyperref Info: Link nesting OFF on input line 6080.
Package hyperref Info: Hyper index ON on input line 6083.
Package hyperref Info: backreferencing OFF on input line 6090.
Package hyperref Info: Link coloring OFF on input line 6095.
Package hyperref Info: Link coloring with OCG OFF on input line 6100.
Package hyperref Info: PDF/A mode OFF on input line 6105.
LaTeX Info: Redefining \ref on input line 6145.
LaTeX Info: Redefining \pageref on input line 6149.

(c:/Users/zhongyf/AppData/Roaming/TinyTeX/texmf-dist/tex/latex/base/atbegshi-lt
x.sty
Package: atbegshi-ltx 2020/08/17 v1.0a Emulation of the original atbegshi packa
ge
with kernel methods
)
\Hy@abspage=\count288
\c@Item=\count289
\c@Hfootnote=\count290
)
Package hyperref Info: Driver (autodetected): hxetex.

(c:/Users/zhongyf/AppData/Roaming/TinyTeX/texmf-dist/tex/latex/hyperref/hxetex.
def
File: hxetex.def 2021-02-27 v7.00k Hyperref driver for XeTeX

(c:/Users/zhongyf/AppData/Roaming/TinyTeX/texmf-dist/tex/generic/stringenc/stri
ngenc.sty
Package: stringenc 2019/11/29 v1.12 Convert strings between diff. encodings (HO
)
)
\pdfm@box=\box50
\c@Hy@AnnotLevel=\count291
\HyField@AnnotCount=\count292
\Fld@listcount=\count293
\c@bookmark@seq@number=\count294

(c:/Users/zhongyf/AppData/Roaming/TinyTeX/texmf-dist/tex/latex/rerunfilecheck/r
erunfilecheck.sty
Package: rerunfilecheck 2019/12/05 v1.9 Rerun checks for auxiliary files (HO)

(c:/Users/zhongyf/AppData/Roaming/TinyTeX/texmf-dist/tex/latex/base/atveryend-l
tx.sty
Package: atveryend-ltx 2020/08/19 v1.0a Emulation of the original atvery packag
e
with kernel methods
)
(c:/Users/zhongyf/AppData/Roaming/TinyTeX/texmf-dist/tex/generic/uniquecounter/
uniquecounter.sty
Package: uniquecounter 2019/12/15 v1.4 Provide unlimited unique counter (HO)
)
Package uniquecounter Info: New unique counter `rerunfilecheck' on input line 2
86.
)
\Hy@SectionHShift=\skip52
)
(c:/Users/zhongyf/AppData/Roaming/TinyTeX/texmf-dist/tex/latex/fancyvrb/fancyvr
b.sty
Package: fancyvrb 2021/01/20 v3.7 verbatim text (tvz,hv)
\FV@CodeLineNo=\count295
\FV@InFile=\read2
\FV@TabBox=\box51
\c@FancyVerbLine=\count296
\FV@StepNumber=\count297
\FV@OutFile=\write3
)
(c:/Users/zhongyf/AppData/Roaming/TinyTeX/texmf-dist/tex/latex/framed/framed.st
y
Package: framed 2011/10/22 v 0.96: framed or shaded text with page breaks
\OuterFrameSep=\skip53
\fb@frw=\dimen155
\fb@frh=\dimen156
\FrameRule=\dimen157
\FrameSep=\dimen158
)
(c:/Users/zhongyf/AppData/Roaming/TinyTeX/texmf-dist/tex/latex/tools/longtable.
sty
Package: longtable 2020/01/07 v4.13 Multi-page Table package (DPC)
\LTleft=\skip54
\LTright=\skip55
\LTpre=\skip56
\LTpost=\skip57
\LTchunksize=\count298
\LTcapwidth=\dimen159
\LT@head=\box52
\LT@firsthead=\box53
\LT@foot=\box54
\LT@lastfoot=\box55
\LT@cols=\count299
\LT@rows=\count300
\c@LT@tables=\count301
\c@LT@chunks=\count302
\LT@p@ftn=\toks21
)
(c:/Users/zhongyf/AppData/Roaming/TinyTeX/texmf-dist/tex/latex/booktabs/booktab
s.sty
Package: booktabs 2020/01/12 v1.61803398 Publication quality tables
\heavyrulewidth=\dimen160
\lightrulewidth=\dimen161
\cmidrulewidth=\dimen162
\belowrulesep=\dimen163
\belowbottomsep=\dimen164
\aboverulesep=\dimen165
\abovetopsep=\dimen166
\cmidrulesep=\dimen167
\cmidrulekern=\dimen168
\defaultaddspace=\dimen169
\@cmidla=\count303
\@cmidlb=\count304
\@aboverulesep=\dimen170
\@belowrulesep=\dimen171
\@thisruleclass=\count305
\@lastruleclass=\count306
\@thisrulewidth=\dimen172
) (c:/Users/zhongyf/AppData/Roaming/TinyTeX/texmf-dist/tex/latex/tools/calc.sty
Package: calc 2017/05/25 v4.3 Infix arithmetic (KKT,FJ)
\calc@Acount=\count307
\calc@Bcount=\count308
\calc@Adimen=\dimen173
\calc@Bdimen=\dimen174
\calc@Askip=\skip58
\calc@Bskip=\skip59
LaTeX Info: Redefining \setlength on input line 80.
LaTeX Info: Redefining \addtolength on input line 81.
\calc@Ccount=\count309
\calc@Cskip=\skip60
)
(c:/Users/zhongyf/AppData/Roaming/TinyTeX/texmf-dist/tex/latex/etoolbox/etoolbo
x.sty
Package: etoolbox 2020/10/05 v2.5k e-TeX tools for LaTeX (JAW)
\etb@tempcnta=\count310
)
(c:/Users/zhongyf/AppData/Roaming/TinyTeX/texmf-dist/tex/latex/mdwtools/footnot
e.sty
Package: footnote 1997/01/28 1.13 Save footnotes around boxes
\fn@notes=\box56
\fn@width=\dimen175
)
(c:/Users/zhongyf/AppData/Roaming/TinyTeX/texmf-dist/tex/latex/graphics/graphic
x.sty
Package: graphicx 2020/09/09 v1.2b Enhanced LaTeX Graphics (DPC,SPQR)

(c:/Users/zhongyf/AppData/Roaming/TinyTeX/texmf-dist/tex/latex/graphics/graphic
s.sty
Package: graphics 2020/08/30 v1.4c Standard LaTeX Graphics (DPC,SPQR)

(c:/Users/zhongyf/AppData/Roaming/TinyTeX/texmf-dist/tex/latex/graphics/trig.st
y
Package: trig 2016/01/03 v1.10 sin cos tan (DPC)
)
(c:/Users/zhongyf/AppData/Roaming/TinyTeX/texmf-dist/tex/latex/graphics-cfg/gra
phics.cfg
File: graphics.cfg 2016/06/04 v1.11 sample graphics configuration
)
Package graphics Info: Driver file: xetex.def on input line 105.
)
\Gin@req@height=\dimen176
\Gin@req@width=\dimen177
)
(c:/Users/zhongyf/AppData/Roaming/TinyTeX/texmf-dist/tex/latex/natbib/natbib.st
y
Package: natbib 2010/09/13 8.31b (PWD, AO)
\bibhang=\skip61
\bibsep=\skip62
LaTeX Info: Redefining \cite on input line 694.
\c@NAT@ctr=\count311
) (./Rbook.aux)
\openout1 = `Rbook.aux'.

LaTeX Font Info:    Checking defaults for OML/cmm/m/it on input line 123.
LaTeX Font Info:    ... okay on input line 123.
LaTeX Font Info:    Checking defaults for OMS/cmsy/m/n on input line 123.
LaTeX Font Info:    ... okay on input line 123.
LaTeX Font Info:    Checking defaults for OT1/cmr/m/n on input line 123.
LaTeX Font Info:    ... okay on input line 123.
LaTeX Font Info:    Checking defaults for T1/cmr/m/n on input line 123.
LaTeX Font Info:    ... okay on input line 123.
LaTeX Font Info:    Checking defaults for TS1/cmr/m/n on input line 123.
LaTeX Font Info:    ... okay on input line 123.
LaTeX Font Info:    Checking defaults for TU/lmr/m/n on input line 123.
LaTeX Font Info:    ... okay on input line 123.
LaTeX Font Info:    Checking defaults for OMX/cmex/m/n on input line 123.
LaTeX Font Info:    ... okay on input line 123.
LaTeX Font Info:    Checking defaults for U/cmr/m/n on input line 123.
LaTeX Font Info:    ... okay on input line 123.
LaTeX Font Info:    Checking defaults for PD1/pdf/m/n on input line 123.
LaTeX Font Info:    ... okay on input line 123.
LaTeX Font Info:    Checking defaults for PU/pdf/m/n on input line 123.
LaTeX Font Info:    ... okay on input line 123.
LaTeX Font Info:    Overwriting math alphabet `\mathrm' in version `normal'
(Font)                  OT1/lmr/m/n --> TU/lmr/m/n on input line 123.
LaTeX Font Info:    Overwriting math alphabet `\mathit' in version `normal'
(Font)                  OT1/lmr/m/it --> TU/lmr/m/it on input line 123.
LaTeX Font Info:    Overwriting math alphabet `\mathbf' in version `normal'
(Font)                  OT1/lmr/bx/n --> TU/lmr/bx/n on input line 123.
LaTeX Font Info:    Overwriting math alphabet `\mathsf' in version `normal'
(Font)                  OT1/lmss/m/n --> TU/lmss/m/n on input line 123.
LaTeX Font Info:    Overwriting math alphabet `\mathsf' in version `bold'
(Font)                  OT1/lmss/bx/n --> TU/lmss/bx/n on input line 123.
LaTeX Font Info:    Overwriting math alphabet `\mathtt' in version `normal'
(Font)                  OT1/lmtt/m/n --> TU/lmtt/m/n on input line 123.
LaTeX Font Info:    Overwriting math alphabet `\mathtt' in version `bold'
(Font)                  OT1/lmtt/m/n --> TU/lmtt/bx/n on input line 123.

Package fontspec Info: latinmodern-math scale = 0.9999964596882403.


Package fontspec Info: latinmodern-math scale = 0.9999964596882403.


Package fontspec Info: latinmodern-math scale = 0.9999964596882403.


Package fontspec Info: Font family 'latinmodern-math.otf(0)' created for font
(fontspec)             'latinmodern-math.otf' with options
(fontspec)             [Scale=MatchLowercase,BoldItalicFont={},ItalicFont={},Sm
allCapsFont={},Script=Math,BoldFont={latinmodern-math.otf}].
(fontspec)              
(fontspec)              This font family consists of the following NFSS
(fontspec)             series/shapes:
(fontspec)              
(fontspec)             - 'normal' (m/n) with NFSS spec.:
(fontspec)             <->s*[0.9999964596882403]"[latinmodern-math.otf]/OT:scri
pt=math;language=dflt;"
(fontspec)             - 'small caps'  (m/sc) with NFSS spec.: 
(fontspec)             - 'bold' (b/n) with NFSS spec.:
(fontspec)             <->s*[0.9999964596882403]"[latinmodern-math.otf]/OT:scri
pt=math;language=dflt;"
(fontspec)             - 'bold small caps'  (b/sc) with NFSS spec.: 

LaTeX Font Info:    Font shape `TU/latinmodern-math.otf(0)/m/n' will be
(Font)              scaled to size 10.0pt on input line 123.

Package fontspec Info: latinmodern-math scale = 0.9999964596882403.


Package fontspec Info: latinmodern-math scale = 0.9999964596882403.


Package fontspec Info: latinmodern-math scale = 0.9999964596882403.


Package fontspec Info: latinmodern-math scale = 0.9999964596882403.


Package fontspec Info: latinmodern-math scale = 0.9999964596882403.


Package fontspec Info: Font family 'latinmodern-math.otf(1)' created for font
(fontspec)             'latinmodern-math.otf' with options
(fontspec)             [Scale=MatchLowercase,BoldItalicFont={},ItalicFont={},Sm
allCapsFont={},Script=Math,SizeFeatures={{Size=8.5-},{Size=6-8.5,Font=latinmode
rn-math.otf,Style=MathScript},{Size=-6,Font=latinmodern-math.otf,Style=MathScri
ptScript}},BoldFont={latinmodern-math.otf}].
(fontspec)              
(fontspec)              This font family consists of the following NFSS
(fontspec)             series/shapes:
(fontspec)              
(fontspec)             - 'normal' (m/n) with NFSS spec.:
(fontspec)             <8.5->s*[0.9999964596882403]"[latinmodern-math.otf]/OT:s
cript=math;language=dflt;"<6-8.5>s*[0.9999964596882403]"[latinmodern-math.otf]/
OT:script=math;language=dflt;+ssty=0;"<-6>s*[0.9999964596882403]"[latinmodern-m
ath.otf]/OT:script=math;language=dflt;+ssty=1;"
(fontspec)             - 'small caps'  (m/sc) with NFSS spec.: 
(fontspec)             - 'bold' (b/n) with NFSS spec.:
(fontspec)             <->s*[0.9999964596882403]"[latinmodern-math.otf]/OT:scri
pt=math;language=dflt;"
(fontspec)             - 'bold small caps'  (b/sc) with NFSS spec.: 

LaTeX Font Info:    Font shape `TU/latinmodern-math.otf(1)/m/n' will be
(Font)              scaled to size 10.0pt on input line 123.
LaTeX Font Info:    Encoding `OT1' has changed to `TU' for symbol font
(Font)              `operators' in the math version `normal' on input line 123.

LaTeX Font Info:    Overwriting symbol font `operators' in version `normal'
(Font)                  OT1/lmr/m/n --> TU/latinmodern-math.otf(1)/m/n on input
 line 123.
LaTeX Font Info:    Encoding `OT1' has changed to `TU' for symbol font
(Font)              `operators' in the math version `bold' on input line 123.
LaTeX Font Info:    Overwriting symbol font `operators' in version `bold'
(Font)                  OT1/lmr/bx/n --> TU/latinmodern-math.otf(1)/b/n on inpu
t line 123.

Package fontspec Info: latinmodern-math scale = 0.9999964596882403.


Package fontspec Info: latinmodern-math scale = 1.000096459334209.


Package fontspec Info: latinmodern-math scale = 0.9999964596882403.


Package fontspec Info: latinmodern-math scale = 1.000096459334209.


Package fontspec Info: latinmodern-math scale = 0.9999964596882403.


Package fontspec Info: latinmodern-math scale = 1.000096459334209.


Package fontspec Info: latinmodern-math scale = 0.9999964596882403.


Package fontspec Info: latinmodern-math scale = 1.000096459334209.


Package fontspec Info: latinmodern-math scale = 0.9999964596882403.


Package fontspec Info: latinmodern-math scale = 1.000096459334209.


Package fontspec Info: Font family 'latinmodern-math.otf(2)' created for font
(fontspec)             'latinmodern-math.otf' with options
(fontspec)             [Scale=MatchLowercase,BoldItalicFont={},ItalicFont={},Sm
allCapsFont={},Script=Math,SizeFeatures={{Size=8.5-},{Size=6-8.5,Font=latinmode
rn-math.otf,Style=MathScript},{Size=-6,Font=latinmodern-math.otf,Style=MathScri
ptScript}},BoldFont={latinmodern-math.otf},ScaleAgain=1.0001,FontAdjustment={\f
ontdimen
(fontspec)             8\font =6.77pt\relax \fontdimen 9\font =3.94pt\relax
(fontspec)             \fontdimen 10\font =4.44pt\relax \fontdimen 11\font
(fontspec)             =6.86pt\relax \fontdimen 12\font =3.45pt\relax
(fontspec)             \fontdimen 13\font =3.63pt\relax \fontdimen 14\font
(fontspec)             =3.63pt\relax \fontdimen 15\font =2.89pt\relax
(fontspec)             \fontdimen 16\font =2.47pt\relax \fontdimen 17\font
(fontspec)             =2.47pt\relax \fontdimen 18\font =2.5pt\relax
(fontspec)             \fontdimen 19\font =2.0pt\relax \fontdimen 22\font
(fontspec)             =2.5pt\relax \fontdimen 20\font =0pt\relax \fontdimen
(fontspec)             21\font =0pt\relax }].
(fontspec)              
(fontspec)              This font family consists of the following NFSS
(fontspec)             series/shapes:
(fontspec)              
(fontspec)             - 'normal' (m/n) with NFSS spec.:
(fontspec)             <8.5->s*[1.000096459334209]"[latinmodern-math.otf]/OT:sc
ript=math;language=dflt;"<6-8.5>s*[1.000096459334209]"[latinmodern-math.otf]/OT
:script=math;language=dflt;+ssty=0;"<-6>s*[1.000096459334209]"[latinmodern-math
.otf]/OT:script=math;language=dflt;+ssty=1;"
(fontspec)             - 'small caps'  (m/sc) with NFSS spec.: 
(fontspec)             and font adjustment code:
(fontspec)             \fontdimen 8\font =6.77pt\relax \fontdimen 9\font
(fontspec)             =3.94pt\relax \fontdimen 10\font =4.44pt\relax
(fontspec)             \fontdimen 11\font =6.86pt\relax \fontdimen 12\font
(fontspec)             =3.45pt\relax \fontdimen 13\font =3.63pt\relax
(fontspec)             \fontdimen 14\font =3.63pt\relax \fontdimen 15\font
(fontspec)             =2.89pt\relax \fontdimen 16\font =2.47pt\relax
(fontspec)             \fontdimen 17\font =2.47pt\relax \fontdimen 18\font
(fontspec)             =2.5pt\relax \fontdimen 19\font =2.0pt\relax \fontdimen
(fontspec)             22\font =2.5pt\relax \fontdimen 20\font =0pt\relax
(fontspec)             \fontdimen 21\font =0pt\relax 
(fontspec)             - 'bold' (b/n) with NFSS spec.:
(fontspec)             <->s*[1.000096459334209]"[latinmodern-math.otf]/OT:scrip
t=math;language=dflt;"
(fontspec)             - 'bold small caps'  (b/sc) with NFSS spec.: 
(fontspec)             and font adjustment code:
(fontspec)             \fontdimen 8\font =6.77pt\relax \fontdimen 9\font
(fontspec)             =3.94pt\relax \fontdimen 10\font =4.44pt\relax
(fontspec)             \fontdimen 11\font =6.86pt\relax \fontdimen 12\font
(fontspec)             =3.45pt\relax \fontdimen 13\font =3.63pt\relax
(fontspec)             \fontdimen 14\font =3.63pt\relax \fontdimen 15\font
(fontspec)             =2.89pt\relax \fontdimen 16\font =2.47pt\relax
(fontspec)             \fontdimen 17\font =2.47pt\relax \fontdimen 18\font
(fontspec)             =2.5pt\relax \fontdimen 19\font =2.0pt\relax \fontdimen
(fontspec)             22\font =2.5pt\relax \fontdimen 20\font =0pt\relax
(fontspec)             \fontdimen 21\font =0pt\relax 

LaTeX Font Info:    Encoding `OMS' has changed to `TU' for symbol font
(Font)              `symbols' in the math version `normal' on input line 123.
LaTeX Font Info:    Overwriting symbol font `symbols' in version `normal'
(Font)                  OMS/lmsy/m/n --> TU/latinmodern-math.otf(2)/m/n on inpu
t line 123.
LaTeX Font Info:    Encoding `OMS' has changed to `TU' for symbol font
(Font)              `symbols' in the math version `bold' on input line 123.
LaTeX Font Info:    Overwriting symbol font `symbols' in version `bold'
(Font)                  OMS/lmsy/b/n --> TU/latinmodern-math.otf(2)/b/n on inpu
t line 123.

Package fontspec Info: latinmodern-math scale = 0.9999964596882403.


Package fontspec Info: latinmodern-math scale = 0.9998964600422715.


Package fontspec Info: latinmodern-math scale = 0.9999964596882403.


Package fontspec Info: latinmodern-math scale = 0.9998964600422715.


Package fontspec Info: latinmodern-math scale = 0.9999964596882403.


Package fontspec Info: latinmodern-math scale = 0.9998964600422715.


Package fontspec Info: latinmodern-math scale = 0.9999964596882403.


Package fontspec Info: latinmodern-math scale = 0.9998964600422715.


Package fontspec Info: latinmodern-math scale = 0.9999964596882403.


Package fontspec Info: latinmodern-math scale = 0.9998964600422715.


Package fontspec Info: Font family 'latinmodern-math.otf(3)' created for font
(fontspec)             'latinmodern-math.otf' with options
(fontspec)             [Scale=MatchLowercase,BoldItalicFont={},ItalicFont={},Sm
allCapsFont={},Script=Math,SizeFeatures={{Size=8.5-},{Size=6-8.5,Font=latinmode
rn-math.otf,Style=MathScript},{Size=-6,Font=latinmodern-math.otf,Style=MathScri
ptScript}},BoldFont={latinmodern-math.otf},ScaleAgain=0.9999,FontAdjustment={\f
ontdimen
(fontspec)             8\font =0.4pt\relax \fontdimen 9\font =2.0pt\relax
(fontspec)             \fontdimen 10\font =1.67pt\relax \fontdimen 11\font
(fontspec)             =1.11pt\relax \fontdimen 12\font =6.0pt\relax
(fontspec)             \fontdimen 13\font =0pt\relax }].
(fontspec)              
(fontspec)              This font family consists of the following NFSS
(fontspec)             series/shapes:
(fontspec)              
(fontspec)             - 'normal' (m/n) with NFSS spec.:
(fontspec)             <8.5->s*[0.9998964600422715]"[latinmodern-math.otf]/OT:s
cript=math;language=dflt;"<6-8.5>s*[0.9998964600422715]"[latinmodern-math.otf]/
OT:script=math;language=dflt;+ssty=0;"<-6>s*[0.9998964600422715]"[latinmodern-m
ath.otf]/OT:script=math;language=dflt;+ssty=1;"
(fontspec)             - 'small caps'  (m/sc) with NFSS spec.: 
(fontspec)             and font adjustment code:
(fontspec)             \fontdimen 8\font =0.4pt\relax \fontdimen 9\font
(fontspec)             =2.0pt\relax \fontdimen 10\font =1.67pt\relax
(fontspec)             \fontdimen 11\font =1.11pt\relax \fontdimen 12\font
(fontspec)             =6.0pt\relax \fontdimen 13\font =0pt\relax 
(fontspec)             - 'bold' (b/n) with NFSS spec.:
(fontspec)             <->s*[0.9998964600422715]"[latinmodern-math.otf]/OT:scri
pt=math;language=dflt;"
(fontspec)             - 'bold small caps'  (b/sc) with NFSS spec.: 
(fontspec)             and font adjustment code:
(fontspec)             \fontdimen 8\font =0.4pt\relax \fontdimen 9\font
(fontspec)             =2.0pt\relax \fontdimen 10\font =1.67pt\relax
(fontspec)             \fontdimen 11\font =1.11pt\relax \fontdimen 12\font
(fontspec)             =6.0pt\relax \fontdimen 13\font =0pt\relax 

LaTeX Font Info:    Encoding `OMX' has changed to `TU' for symbol font
(Font)              `largesymbols' in the math version `normal' on input line 1
23.
LaTeX Font Info:    Overwriting symbol font `largesymbols' in version `normal'
(Font)                  OMX/lmex/m/n --> TU/latinmodern-math.otf(3)/m/n on inpu
t line 123.
LaTeX Font Info:    Encoding `OMX' has changed to `TU' for symbol font
(Font)              `largesymbols' in the math version `bold' on input line 123
.
LaTeX Font Info:    Overwriting symbol font `largesymbols' in version `bold'
(Font)                  OMX/lmex/m/n --> TU/latinmodern-math.otf(3)/b/n on inpu
t line 123.
Package hyperref Info: Link coloring OFF on input line 123.

(c:/Users/zhongyf/AppData/Roaming/TinyTeX/texmf-dist/tex/latex/hyperref/nameref
.sty
Package: nameref 2021-04-02 v2.47 Cross-referencing by name of section

(c:/Users/zhongyf/AppData/Roaming/TinyTeX/texmf-dist/tex/latex/refcount/refcoun
t.sty
Package: refcount 2019/12/15 v3.6 Data extraction from label references (HO)
)
(c:/Users/zhongyf/AppData/Roaming/TinyTeX/texmf-dist/tex/generic/gettitlestring
/gettitlestring.sty
Package: gettitlestring 2019/12/15 v1.6 Cleanup title references (HO)
)
\c@section@level=\count312
)
LaTeX Info: Redefining \ref on input line 123.
LaTeX Info: Redefining \pageref on input line 123.
LaTeX Info: Redefining \nameref on input line 123.
(./Rbook.out) (./Rbook.out)
\@outlinefile=\write4
\openout4 = `Rbook.out'.

Missing character: There is no 学 in font [lmroman17-regular]:mapping=tex-text;!
Missing character: There is no 习 in font [lmroman17-regular]:mapping=tex-text;!
Missing character: There is no 笔 in font [lmroman17-regular]:mapping=tex-text;!
Missing character: There is no 记 in font [lmroman17-regular]:mapping=tex-text;!
LaTeX Font Info:    Font shape `TU/latinmodern-math.otf(1)/m/n' will be
(Font)              scaled to size 12.0pt on input line 125.
LaTeX Font Info:    Font shape `TU/latinmodern-math.otf(1)/m/n' will be
(Font)              scaled to size 8.0pt on input line 125.
LaTeX Font Info:    Font shape `TU/latinmodern-math.otf(1)/m/n' will be
(Font)              scaled to size 6.0pt on input line 125.
LaTeX Font Info:    Trying to load font information for OML+lmm on input line 1
25.
(c:/Users/zhongyf/AppData/Roaming/TinyTeX/texmf-dist/tex/latex/lm/omllmm.fd
File: omllmm.fd 2009/10/30 v1.6 Font defs for Latin Modern
)
LaTeX Font Info:    Font shape `TU/latinmodern-math.otf(2)/m/n' will be
(Font)              scaled to size 12.0011pt on input line 125.
LaTeX Font Info:    Font shape `TU/latinmodern-math.otf(2)/m/n' will be
(Font)              scaled to size 8.00073pt on input line 125.
LaTeX Font Info:    Font shape `TU/latinmodern-math.otf(2)/m/n' will be
(Font)              scaled to size 6.00055pt on input line 125.
LaTeX Font Info:    Font shape `TU/latinmodern-math.otf(3)/m/n' will be
(Font)              scaled to size 11.99872pt on input line 125.
LaTeX Font Info:    Font shape `TU/latinmodern-math.otf(3)/m/n' will be
(Font)              scaled to size 7.99915pt on input line 125.
LaTeX Font Info:    Font shape `TU/latinmodern-math.otf(3)/m/n' will be
(Font)              scaled to size 5.99936pt on input line 125.
[1


] [2

] (./Rbook.toc
Missing character: There is no 说 in font [lmroman10-bold]:mapping=tex-text;!
Missing character: There is no 明 in font [lmroman10-bold]:mapping=tex-text;!
Missing character: There is no 基 in font [lmroman10-regular]:mapping=tex-text;!
Missing character: There is no 础 in font [lmroman10-regular]:mapping=tex-text;!
Missing character: There is no 介 in font [lmroman10-regular]:mapping=tex-text;!
Missing character: There is no 绍 in font [lmroman10-regular]:mapping=tex-text;!
LaTeX Font Info:    Font shape `TU/latinmodern-math.otf(1)/m/n' will be
(Font)              scaled to size 7.0pt on input line 3.
LaTeX Font Info:    Font shape `TU/latinmodern-math.otf(1)/m/n' will be
(Font)              scaled to size 5.0pt on input line 3.
LaTeX Font Info:    Font shape `TU/latinmodern-math.otf(2)/m/n' will be
(Font)              scaled to size 10.00092pt on input line 3.
LaTeX Font Info:    Font shape `TU/latinmodern-math.otf(2)/m/n' will be
(Font)              scaled to size 7.00064pt on input line 3.
LaTeX Font Info:    Font shape `TU/latinmodern-math.otf(2)/m/n' will be
(Font)              scaled to size 5.00046pt on input line 3.
LaTeX Font Info:    Font shape `TU/latinmodern-math.otf(3)/m/n' will be
(Font)              scaled to size 9.99893pt on input line 3.
LaTeX Font Info:    Font shape `TU/latinmodern-math.otf(3)/m/n' will be
(Font)              scaled to size 6.99925pt on input line 3.
LaTeX Font Info:    Font shape `TU/latinmodern-math.otf(3)/m/n' will be
(Font)              scaled to size 4.99947pt on input line 3.
Missing character: There is no 使 in font [lmroman10-regular]:mapping=tex-text;!
Missing character: There is no 用 in font [lmroman10-regular]:mapping=tex-text;!
Missing character: There is no 常 in font [lmroman10-regular]:mapping=tex-text;!
Missing character: There is no 规 in font [lmroman10-regular]:mapping=tex-text;!
Missing character: There is no 操 in font [lmroman10-regular]:mapping=tex-text;!
Missing character: There is no 作 in font [lmroman10-regular]:mapping=tex-text;!
Missing character: There is no 常 in font [lmroman10-regular]:mapping=tex-text;!
Missing character: There is no 用 in font [lmroman10-regular]:mapping=tex-text;!
Missing character: There is no 函 in font [lmroman10-regular]:mapping=tex-text;!
Missing character: There is no 数 in font [lmroman10-regular]:mapping=tex-text;!
Missing character: There is no 运 in font [lmroman10-regular]:mapping=tex-text;!
Missing character: There is no 用 in font [lmroman10-regular]:mapping=tex-text;!
Missing character: There is no 安 in font [lmroman10-regular]:mapping=tex-text;!
Missing character: There is no 装 in font [lmroman10-regular]:mapping=tex-text;!
Missing character: There is no 数 in font [lmroman10-regular]:mapping=tex-text;!
Missing character: There is no 据 in font [lmroman10-regular]:mapping=tex-text;!
Missing character: There is no 库 in font [lmroman10-regular]:mapping=tex-text;!
Missing character: There is no 包 in font [lmroman10-regular]:mapping=tex-text;!
Missing character: There is no 包 in font [lmroman10-regular]:mapping=tex-text;!
Missing character: There is no 包 in font [lmroman10-regular]:mapping=tex-text;!
Missing character: There is no 包 in font [lmroman10-regular]:mapping=tex-text;!
Missing character: There is no 常 in font [lmroman10-regular]:mapping=tex-text;!
Missing character: There is no 见 in font [lmroman10-regular]:mapping=tex-text;!
Missing character: There is no 问 in font [lmroman10-regular]:mapping=tex-text;!
Missing character: There is no 题 in font [lmroman10-regular]:mapping=tex-text;!
Missing character: There is no 参 in font [lmroman10-regular]:mapping=tex-text;!
Missing character: There is no 考 in font [lmroman10-regular]:mapping=tex-text;!
Missing character: There is no 资 in font [lmroman10-regular]:mapping=tex-text;!
Missing character: There is no 料 in font [lmroman10-regular]:mapping=tex-text;!
Missing character: There is no 基 in font [lmroman10-regular]:mapping=tex-text;!
Missing character: There is no 础 in font [lmroman10-regular]:mapping=tex-text;!
Missing character: There is no 常 in font [lmroman10-regular]:mapping=tex-text;!
Missing character: There is no 用 in font [lmroman10-regular]:mapping=tex-text;!
Missing character: There is no 函 in font [lmroman10-regular]:mapping=tex-text;!
Missing character: There is no 数 in font [lmroman10-regular]:mapping=tex-text;!
Missing character: There is no 实 in font [lmroman10-regular]:mapping=tex-text;!
Missing character: There is no 现 in font [lmroman10-regular]:mapping=tex-text;!
Missing character: There is no 字 in font [lmroman10-regular]:mapping=tex-text;!
Missing character: There is no 符 in font [lmroman10-regular]:mapping=tex-text;!
Missing character: There is no 函 in font [lmroman10-regular]:mapping=tex-text;!
Missing character: There is no 数 in font [lmroman10-regular]:mapping=tex-text;!
[3]
Missing character: There is no 基 in font [lmroman10-regular]:mapping=tex-text;!
Missing character: There is no 础 in font [lmroman10-regular]:mapping=tex-text;!
Missing character: There is no 用 in font [lmroman10-regular]:mapping=tex-text;!
Missing character: There is no 法 in font [lmroman10-regular]:mapping=tex-text;!
Missing character: There is no 处 in font [lmroman10-regular]:mapping=tex-text;!
Missing character: There is no 理 in font [lmroman10-regular]:mapping=tex-text;!
Missing character: There is no 时 in font [lmroman10-regular]:mapping=tex-text;!
Missing character: There is no 区 in font [lmroman10-regular]:mapping=tex-text;!
Missing character: There is no 解 in font [lmroman10-regular]:mapping=tex-text;!
Missing character: There is no 析 in font [lmroman10-regular]:mapping=tex-text;!
Missing character: There is no 日 in font [lmroman10-regular]:mapping=tex-text;!
Missing character: There is no 期 in font [lmroman10-regular]:mapping=tex-text;!
Missing character: There is no 和 in font [lmroman10-regular]:mapping=tex-text;!
Missing character: There is no 时 in font [lmroman10-regular]:mapping=tex-text;!
Missing character: There is no 间 in font [lmroman10-regular]:mapping=tex-text;!
Missing character: There is no 构 in font [lmroman10-regular]:mapping=tex-text;!
Missing character: There is no 造 in font [lmroman10-regular]:mapping=tex-text;!
Missing character: There is no 日 in font [lmroman10-regular]:mapping=tex-text;!
Missing character: There is no 期 in font [lmroman10-regular]:mapping=tex-text;!
Missing character: There is no 或 in font [lmroman10-regular]:mapping=tex-text;!
Missing character: There is no 时 in font [lmroman10-regular]:mapping=tex-text;!
Missing character: There is no 间 in font [lmroman10-regular]:mapping=tex-text;!
Missing character: There is no 时 in font [lmroman10-regular]:mapping=tex-text;!
Missing character: There is no 间 in font [lmroman10-regular]:mapping=tex-text;!
Missing character: There is no 间 in font [lmroman10-regular]:mapping=tex-text;!
Missing character: There is no 隔 in font [lmroman10-regular]:mapping=tex-text;!
Missing character: There is no 时 in font [lmroman10-regular]:mapping=tex-text;!
Missing character: There is no 间 in font [lmroman10-regular]:mapping=tex-text;!
Missing character: There is no 日 in font [lmroman10-regular]:mapping=tex-text;!
Missing character: There is no 期 in font [lmroman10-regular]:mapping=tex-text;!
Missing character: There is no 计 in font [lmroman10-regular]:mapping=tex-text;!
Missing character: There is no 算 in font [lmroman10-regular]:mapping=tex-text;!
Missing character: There is no 案 in font [lmroman10-regular]:mapping=tex-text;!
Missing character: There is no 例 in font [lmroman10-regular]:mapping=tex-text;!
Missing character: There is no 资 in font [lmroman10-regular]:mapping=tex-text;!
Missing character: There is no 料 in font [lmroman10-regular]:mapping=tex-text;!
Missing character: There is no 创 in font [lmroman10-regular]:mapping=tex-text;!
Missing character: There is no 建 in font [lmroman10-regular]:mapping=tex-text;!
Missing character: There is no 因 in font [lmroman10-regular]:mapping=tex-text;!
Missing character: There is no 子 in font [lmroman10-regular]:mapping=tex-text;!
Missing character: There is no 安 in font [lmroman10-regular]:mapping=tex-text;!
Missing character: There is no 装 in font [lmroman10-regular]:mapping=tex-text;!
Missing character: There is no 主 in font [lmroman10-regular]:mapping=tex-text;!
Missing character: There is no 要 in font [lmroman10-regular]:mapping=tex-text;!
Missing character: There is no 功 in font [lmroman10-regular]:mapping=tex-text;!
Missing character: There is no 能 in font [lmroman10-regular]:mapping=tex-text;!
Missing character: There is no 前 in font [lmroman10-regular]:mapping=tex-text;!
Missing character: There is no 言 in font [lmroman10-regular]:mapping=tex-text;!
Missing character: There is no 安 in font [lmroman10-regular]:mapping=tex-text;!
Missing character: There is no 装 in font [lmroman10-regular]:mapping=tex-text;!
Missing character: There is no 基 in font [lmroman10-regular]:mapping=tex-text;!
Missing character: There is no 础 in font [lmroman10-regular]:mapping=tex-text;!
Missing character: There is no 用 in font [lmroman10-regular]:mapping=tex-text;!
Missing character: There is no 法 in font [lmroman10-regular]:mapping=tex-text;!
Missing character: There is no 表 in font [lmroman10-regular]:mapping=tex-text;!
Missing character: There is no 操 in font [lmroman10-regular]:mapping=tex-text;!
Missing character: There is no 作 in font [lmroman10-regular]:mapping=tex-text;!
Missing character: There is no 列 in font [lmroman10-regular]:mapping=tex-text;!
Missing character: There is no 操 in font [lmroman10-regular]:mapping=tex-text;!
Missing character: There is no 作 in font [lmroman10-regular]:mapping=tex-text;!
Missing character: There is no 行 in font [lmroman10-regular]:mapping=tex-text;!
Missing character: There is no 操 in font [lmroman10-regular]:mapping=tex-text;!
Missing character: There is no 作 in font [lmroman10-regular]:mapping=tex-text;!
Missing character: There is no 分 in font [lmroman10-regular]:mapping=tex-text;!
Missing character: There is no 组 in font [lmroman10-regular]:mapping=tex-text;!
Missing character: There is no 操 in font [lmroman10-regular]:mapping=tex-text;!
Missing character: There is no 作 in font [lmroman10-regular]:mapping=tex-text;!
Missing character: There is no 常 in font [lmroman10-regular]:mapping=tex-text;!
Missing character: There is no 用 in font [lmroman10-regular]:mapping=tex-text;!
Missing character: There is no 函 in font [lmroman10-regular]:mapping=tex-text;!
Missing character: There is no 数 in font [lmroman10-regular]:mapping=tex-text;!
Missing character: There is no 用 in font [lmroman10-regular]:mapping=tex-text;!
Missing character: There is no 编 in font [lmroman10-regular]:mapping=tex-text;!
Missing character: There is no 程 in font [lmroman10-regular]:mapping=tex-text;!
Missing character: There is no 简 in font [lmroman10-regular]:mapping=tex-text;!
Missing character: There is no 单 in font [lmroman10-regular]:mapping=tex-text;!
Missing character: There is no 示 in font [lmroman10-regular]:mapping=tex-text;!
Missing character: There is no 例 in font [lmroman10-regular]:mapping=tex-text;!
Missing character: There is no 循 in font [lmroman10-regular]:mapping=tex-text;!
Missing character: There is no 环 in font [lmroman10-regular]:mapping=tex-text;!
Missing character: There is no 基 in font [lmroman10-regular]:mapping=tex-text;!
Missing character: There is no 础 in font [lmroman10-regular]:mapping=tex-text;!
Missing character: There is no 循 in font [lmroman10-regular]:mapping=tex-text;!
Missing character: There is no 环 in font [lmroman10-regular]:mapping=tex-text;!
Missing character: There is no 变 in font [lmroman10-regular]:mapping=tex-text;!
Missing character: There is no 化 in font [lmroman10-regular]:mapping=tex-text;!
Missing character: There is no 简 in font [lmroman10-regular]:mapping=tex-text;!
Missing character: There is no 单 in font [lmroman10-regular]:mapping=tex-text;!
Missing character: There is no 用 in font [lmroman10-regular]:mapping=tex-text;!
Missing character: There is no 法 in font [lmroman10-regular]:mapping=tex-text;!
[4]
Missing character: There is no 系 in font [lmroman10-regular]:mapping=tex-text;!
Missing character: There is no 列 in font [lmroman10-regular]:mapping=tex-text;!
Missing character: There is no 常 in font [lmroman10-regular]:mapping=tex-text;!
Missing character: There is no 用 in font [lmroman10-regular]:mapping=tex-text;!
Missing character: There is no 函 in font [lmroman10-regular]:mapping=tex-text;!
Missing character: There is no 数 in font [lmroman10-regular]:mapping=tex-text;!
Missing character: There is no 归 in font [lmroman10-regular]:mapping=tex-text;!
Missing character: There is no 约 in font [lmroman10-regular]:mapping=tex-text;!
Missing character: There is no 累 in font [lmroman10-regular]:mapping=tex-text;!
Missing character: There is no 计 in font [lmroman10-regular]:mapping=tex-text;!
Missing character: There is no 函 in font [lmroman10-regular]:mapping=tex-text;!
Missing character: There is no 数 in font [lmroman10-regular]:mapping=tex-text;!
Missing character: There is no 安 in font [lmroman10-regular]:mapping=tex-text;!
Missing character: There is no 全 in font [lmroman10-regular]:mapping=tex-text;!
Missing character: There is no 函 in font [lmroman10-regular]:mapping=tex-text;!
Missing character: There is no 数 in font [lmroman10-regular]:mapping=tex-text;!
Missing character: There is no 映 in font [lmroman10-regular]:mapping=tex-text;!
Missing character: There is no 射 in font [lmroman10-regular]:mapping=tex-text;!
Missing character: There is no 多 in font [lmroman10-regular]:mapping=tex-text;!
Missing character: There is no 个 in font [lmroman10-regular]:mapping=tex-text;!
Missing character: There is no 参 in font [lmroman10-regular]:mapping=tex-text;!
Missing character: There is no 数 in font [lmroman10-regular]:mapping=tex-text;!
Missing character: There is no 其 in font [lmroman10-regular]:mapping=tex-text;!
Missing character: There is no 他 in font [lmroman10-regular]:mapping=tex-text;!
Missing character: There is no 函 in font [lmroman10-regular]:mapping=tex-text;!
Missing character: There is no 数 in font [lmroman10-regular]:mapping=tex-text;!
Missing character: There is no 介 in font [lmroman10-regular]:mapping=tex-text;!
Missing character: There is no 绍 in font [lmroman10-regular]:mapping=tex-text;!
Missing character: There is no 简 in font [lmroman10-regular]:mapping=tex-text;!
Missing character: There is no 单 in font [lmroman10-regular]:mapping=tex-text;!
Missing character: There is no 示 in font [lmroman10-regular]:mapping=tex-text;!
Missing character: There is no 例 in font [lmroman10-regular]:mapping=tex-text;!
Missing character: There is no 条 in font [lmroman10-regular]:mapping=tex-text;!
Missing character: There is no 件 in font [lmroman10-regular]:mapping=tex-text;!
Missing character: There is no 执 in font [lmroman10-regular]:mapping=tex-text;!
Missing character: There is no 行 in font [lmroman10-regular]:mapping=tex-text;!
Missing character: There is no 函 in font [lmroman10-regular]:mapping=tex-text;!
Missing character: There is no 数 in font [lmroman10-regular]:mapping=tex-text;!
Missing character: There is no 参 in font [lmroman10-regular]:mapping=tex-text;!
Missing character: There is no 数 in font [lmroman10-regular]:mapping=tex-text;!
Missing character: There is no 返 in font [lmroman10-regular]:mapping=tex-text;!
Missing character: There is no 回 in font [lmroman10-regular]:mapping=tex-text;!
Missing character: There is no 值 in font [lmroman10-regular]:mapping=tex-text;!
Missing character: There is no 环 in font [lmroman10-regular]:mapping=tex-text;!
Missing character: There is no 境 in font [lmroman10-regular]:mapping=tex-text;!
Missing character: There is no 拓 in font [lmroman10-regular]:mapping=tex-text;!
Missing character: There is no 展 in font [lmroman10-regular]:mapping=tex-text;!
Missing character: There is no 部 in font [lmroman10-regular]:mapping=tex-text;!
Missing character: There is no 分 in font [lmroman10-regular]:mapping=tex-text;!
)
\tf@toc=\write5
\openout5 = `Rbook.toc'.

[5] [6

]
Chapter 1.
Missing character: There is no 说 in font [lmroman12-bold]:mapping=tex-text;!
Missing character: There is no 明 in font [lmroman12-bold]:mapping=tex-text;!
Missing character: There is no 作 in font [lmroman10-regular]:mapping=tex-text;!
Missing character: There is no 为 in font [lmroman10-regular]:mapping=tex-text;!
Missing character: There is no 商 in font [lmroman10-regular]:mapping=tex-text;!
Missing character: There is no 业 in font [lmroman10-regular]:mapping=tex-text;!
Missing character: There is no 数 in font [lmroman10-regular]:mapping=tex-text;!
Missing character: There is no 据 in font [lmroman10-regular]:mapping=tex-text;!
Missing character: There is no 分 in font [lmroman10-regular]:mapping=tex-text;!
Missing character: There is no 析 in font [lmroman10-regular]:mapping=tex-text;!
Missing character: There is no 师 in font [lmroman10-regular]:mapping=tex-text;!
Missing character: There is no ， in font [lmroman10-regular]:mapping=tex-text;!
Missing character: There is no 我 in font [lmroman10-regular]:mapping=tex-text;!
Missing character: There is no 学 in font [lmroman10-regular]:mapping=tex-text;!
Missing character: There is no 习 in font [lmroman10-regular]:mapping=tex-text;!
Missing character: There is no 使 in font [lmroman10-regular]:mapping=tex-text;!
Missing character: There is no 用 in font [lmroman10-regular]:mapping=tex-text;!
Missing character: There is no 以 in font [lmroman10-regular]:mapping=tex-text;!
Missing character: There is no 及 in font [lmroman10-regular]:mapping=tex-text;!
Missing character: There is no 有 in font [lmroman10-regular]:mapping=tex-text;!
Missing character: There is no 一 in font [lmroman10-regular]:mapping=tex-text;!
Missing character: There is no 段 in font [lmroman10-regular]:mapping=tex-text;!
Missing character: There is no 时 in font [lmroman10-regular]:mapping=tex-text;!
Missing character: There is no 间 in font [lmroman10-regular]:mapping=tex-text;!
Missing character: There is no ， in font [lmroman10-regular]:mapping=tex-text;!
Missing character: There is no 主 in font [lmroman10-regular]:mapping=tex-text;!
Missing character: There is no 要 in font [lmroman10-regular]:mapping=tex-text;!
Missing character: There is no 用 in font [lmroman10-regular]:mapping=tex-text;!
Missing character: There is no 来 in font [lmroman10-regular]:mapping=tex-text;!
Missing character: There is no 处 in font [lmroman10-regular]:mapping=tex-text;!
Missing character: There is no 理 in font [lmroman10-regular]:mapping=tex-text;!
Missing character: There is no 数 in font [lmroman10-regular]:mapping=tex-text;!
Missing character: There is no 据 in font [lmroman10-regular]:mapping=tex-text;!
Missing character: There is no ， in font [lmroman10-regular]:mapping=tex-text;!
Missing character: There is no 自 in font [lmroman10-regular]:mapping=tex-text;!
Missing character: There is no 动 in font [lmroman10-regular]:mapping=tex-text;!
Missing character: There is no 化 in font [lmroman10-regular]:mapping=tex-text;!
Missing character: There is no 报 in font [lmroman10-regular]:mapping=tex-text;!
Missing character: There is no 表 in font [lmroman10-regular]:mapping=tex-text;!
Missing character: There is no ， in font [lmroman10-regular]:mapping=tex-text;!
Missing character: There is no 可 in font [lmroman10-regular]:mapping=tex-text;!
Missing character: There is no 视 in font [lmroman10-regular]:mapping=tex-text;!
Missing character: There is no 化 in font [lmroman10-regular]:mapping=tex-text;!
Missing character: There is no 等 in font [lmroman10-regular]:mapping=tex-text;!
Missing character: There is no ， in font [lmroman10-regular]:mapping=tex-text;!
Missing character: There is no 等 in font [lmroman10-regular]:mapping=tex-text;!
Missing character: There is no 。 in font [lmroman10-regular]:mapping=tex-text;!
Missing character: There is no 极 in font [lmroman10-regular]:mapping=tex-text;!
Missing character: There is no 大 in font [lmroman10-regular]:mapping=tex-text;!
Missing character: There is no 的 in font [lmroman10-regular]:mapping=tex-text;!
Missing character: There is no 拓 in font [lmroman10-regular]:mapping=tex-text;!
Missing character: There is no 展 in font [lmroman10-regular]:mapping=tex-text;!
Missing character: There is no 了 in font [lmroman10-regular]:mapping=tex-text;!
Missing character: There is no 数 in font [lmroman10-regular]:mapping=tex-text;!
Missing character: There is no 据 in font [lmroman10-regular]:mapping=tex-text;!
Missing character: There is no 处 in font [lmroman10-regular]:mapping=tex-text;!
Missing character: There is no 理 in font [lmroman10-regular]:mapping=tex-text;!
Missing character: There is no 能 in font [lmroman10-regular]:mapping=tex-text;!
Missing character: There is no 力 in font [lmroman10-regular]:mapping=tex-text;!
Missing character: There is no 让 in font [lmroman10-regular]:mapping=tex-text;!
Missing character: There is no 我 in font [lmroman10-regular]:mapping=tex-text;!
Missing character: There is no 有 in font [lmroman10-regular]:mapping=tex-text;!
Missing character: There is no 更 in font [lmroman10-regular]:mapping=tex-text;!
Missing character: There is no 多 in font [lmroman10-regular]:mapping=tex-text;!
Missing character: There is no 精 in font [lmroman10-regular]:mapping=tex-text;!
Missing character: There is no 力 in font [lmroman10-regular]:mapping=tex-text;!
Missing character: There is no 聚 in font [lmroman10-regular]:mapping=tex-text;!
Missing character: There is no 焦 in font [lmroman10-regular]:mapping=tex-text;!
Missing character: There is no 在 in font [lmroman10-regular]:mapping=tex-text;!
Missing character: There is no 具 in font [lmroman10-regular]:mapping=tex-text;!
Missing character: There is no 体 in font [lmroman10-regular]:mapping=tex-text;!
Missing character: There is no 的 in font [lmroman10-regular]:mapping=tex-text;!
Missing character: There is no 业 in font [lmroman10-regular]:mapping=tex-text;!
Missing character: There is no 务 in font [lmroman10-regular]:mapping=tex-text;!
Missing character: There is no 问 in font [lmroman10-regular]:mapping=tex-text;!
Missing character: There is no 题 in font [lmroman10-regular]:mapping=tex-text;!
Missing character: There is no 上 in font [lmroman10-regular]:mapping=tex-text;!
Missing character: There is no ， in font [lmroman10-regular]:mapping=tex-text;!
Missing character: There is no 所 in font [lmroman10-regular]:mapping=tex-text;!
Missing character: There is no 以 in font [lmroman10-regular]:mapping=tex-text;!
Missing character: There is no 很 in font [lmroman10-regular]:mapping=tex-text;!
Missing character: There is no 感 in font [lmroman10-regular]:mapping=tex-text;!
Missing character: There is no 谢 in font [lmroman10-regular]:mapping=tex-text;!
Missing character: There is no 语 in font [lmroman10-regular]:mapping=tex-text;!
Missing character: There is no 言 in font [lmroman10-regular]:mapping=tex-text;!
Missing character: There is no 。 in font [lmroman10-regular]:mapping=tex-text;!
Missing character: There is no 本 in font [lmroman10-regular]:mapping=tex-text;!
Missing character: There is no 文 in font [lmroman10-regular]:mapping=tex-text;!
Missing character: There is no 主 in font [lmroman10-regular]:mapping=tex-text;!
Missing character: There is no 要 in font [lmroman10-regular]:mapping=tex-text;!
Missing character: There is no 记 in font [lmroman10-regular]:mapping=tex-text;!
Missing character: There is no 录 in font [lmroman10-regular]:mapping=tex-text;!
Missing character: There is no 个 in font [lmroman10-regular]:mapping=tex-text;!
Missing character: There is no 人 in font [lmroman10-regular]:mapping=tex-text;!
Missing character: There is no 学 in font [lmroman10-regular]:mapping=tex-text;!
Missing character: There is no 习 in font [lmroman10-regular]:mapping=tex-text;!
Missing character: There is no 过 in font [lmroman10-regular]:mapping=tex-text;!
Missing character: There is no 程 in font [lmroman10-regular]:mapping=tex-text;!
Missing character: There is no 中 in font [lmroman10-regular]:mapping=tex-text;!
Missing character: There is no 的 in font [lmroman10-regular]:mapping=tex-text;!
Missing character: There is no 经 in font [lmroman10-regular]:mapping=tex-text;!
Missing character: There is no 验 in font [lmroman10-regular]:mapping=tex-text;!
Missing character: There is no ， in font [lmroman10-regular]:mapping=tex-text;!
Missing character: There is no 因 in font [lmroman10-regular]:mapping=tex-text;!
Missing character: There is no 个 in font [lmroman10-regular]:mapping=tex-text;!
Missing character: There is no 人 in font [lmroman10-regular]:mapping=tex-text;!
Missing character: There is no 能 in font [lmroman10-regular]:mapping=tex-text;!
Missing character: There is no 力 in font [lmroman10-regular]:mapping=tex-text;!
Missing character: There is no 有 in font [lmroman10-regular]:mapping=tex-text;!
Missing character: There is no 限 in font [lmroman10-regular]:mapping=tex-text;!
Missing character: There is no ， in font [lmroman10-regular]:mapping=tex-text;!
Missing character: There is no 难 in font [lmroman10-regular]:mapping=tex-text;!
Missing character: There is no 免 in font [lmroman10-regular]:mapping=tex-text;!
Missing character: There is no 出 in font [lmroman10-regular]:mapping=tex-text;!
Missing character: There is no 现 in font [lmroman10-regular]:mapping=tex-text;!
Missing character: There is no 错 in font [lmroman10-regular]:mapping=tex-text;!
Missing character: There is no 误 in font [lmroman10-regular]:mapping=tex-text;!
Missing character: There is no ， in font [lmroman10-regular]:mapping=tex-text;!
Missing character: There is no 如 in font [lmroman10-regular]:mapping=tex-text;!
Missing character: There is no 阅 in font [lmroman10-regular]:mapping=tex-text;!
Missing character: There is no 读 in font [lmroman10-regular]:mapping=tex-text;!
Missing character: There is no 中 in font [lmroman10-regular]:mapping=tex-text;!
Missing character: There is no 发 in font [lmroman10-regular]:mapping=tex-text;!
Missing character: There is no 现 in font [lmroman10-regular]:mapping=tex-text;!
Missing character: There is no 错 in font [lmroman10-regular]:mapping=tex-text;!
Missing character: There is no 误 in font [lmroman10-regular]:mapping=tex-text;!
Missing character: There is no ， in font [lmroman10-regular]:mapping=tex-text;!
Missing character: There is no 欢 in font [lmroman10-regular]:mapping=tex-text;!
Missing character: There is no 迎 in font [lmroman10-regular]:mapping=tex-text;!
Missing character: There is no 联 in font [lmroman10-regular]:mapping=tex-text;!
Missing character: There is no 系 in font [lmroman10-regular]:mapping=tex-text;!
Missing character: There is no 本 in font [lmroman10-regular]:mapping=tex-text;!
Missing character: There is no 人 in font [lmroman10-regular]:mapping=tex-text;!
Missing character: There is no 更 in font [lmroman10-regular]:mapping=tex-text;!
Missing character: There is no 正 in font [lmroman10-regular]:mapping=tex-text;!
Missing character: There is no 。 in font [lmroman10-regular]:mapping=tex-text;!
Missing character: There is no 联 in font [lmroman10-regular]:mapping=tex-text;!
Missing character: There is no 系 in font [lmroman10-regular]:mapping=tex-text;!
Missing character: There is no 邮 in font [lmroman10-regular]:mapping=tex-text;!
Missing character: There is no 箱 in font [lmroman10-regular]:mapping=tex-text;!
Missing character: There is no 微 in font [lmroman10-regular]:mapping=tex-text;!
Missing character: There is no 信 in font [lmroman10-regular]:mapping=tex-text;!
Missing character: There is no 公 in font [lmroman10-regular]:mapping=tex-text;!
Missing character: There is no 众 in font [lmroman10-regular]:mapping=tex-text;!
Missing character: There is no 号 in font [lmroman10-regular]:mapping=tex-text;!
Missing character: There is no 宇 in font [lmroman10-regular]:mapping=tex-text;!
Missing character: There is no 飞 in font [lmroman10-regular]:mapping=tex-text;!
Missing character: There is no 的 in font [lmroman10-regular]:mapping=tex-text;!
Missing character: There is no 世 in font [lmroman10-regular]:mapping=tex-text;!
Missing character: There is no 界 in font [lmroman10-regular]:mapping=tex-text;!
Missing character: There is no 查 in font [lmmono10-italic]:!
Missing character: There is no 看 in font [lmmono10-italic]:!
Missing character: There is no 版 in font [lmmono10-italic]:!
Missing character: There is no 本 in font [lmmono10-italic]:!
Missing character: There is no 信 in font [lmmono10-italic]:!
Missing character: There is no 息 in font [lmmono10-italic]:!
[7]
Missing character: There is no 说 in font [lmromanslant10-regular]:mapping=tex-t
ext;!
Missing character: There is no 明 in font [lmromanslant10-regular]:mapping=tex-t
ext;!
[8

]
Chapter 2.
Missing character: There is no 包 in font [lmroman10-regular]:mapping=tex-text;!
Missing character: There is no 是 in font [lmroman10-regular]:mapping=tex-text;!
Missing character: There is no 我 in font [lmroman10-regular]:mapping=tex-text;!
Missing character: There is no 最 in font [lmroman10-regular]:mapping=tex-text;!
Missing character: There is no 常 in font [lmroman10-regular]:mapping=tex-text;!
Missing character: There is no 用 in font [lmroman10-regular]:mapping=tex-text;!
Missing character: There is no 的 in font [lmroman10-regular]:mapping=tex-text;!
Missing character: There is no 包 in font [lmroman10-regular]:mapping=tex-text;!
Missing character: There is no ， in font [lmroman10-regular]:mapping=tex-text;!
Missing character: There is no 是 in font [lmroman10-regular]:mapping=tex-text;!
Missing character: There is no 我 in font [lmroman10-regular]:mapping=tex-text;!
Missing character: There is no 目 in font [lmroman10-regular]:mapping=tex-text;!
Missing character: There is no 前 in font [lmroman10-regular]:mapping=tex-text;!
Missing character: There is no 觉 in font [lmroman10-regular]:mapping=tex-text;!
Missing character: There is no 得 in font [lmroman10-regular]:mapping=tex-text;!
Missing character: There is no 最 in font [lmroman10-regular]:mapping=tex-text;!
Missing character: There is no 好 in font [lmroman10-regular]:mapping=tex-text;!
Missing character: There is no 用 in font [lmroman10-regular]:mapping=tex-text;!
Missing character: There is no 的 in font [lmroman10-regular]:mapping=tex-text;!
Missing character: There is no 数 in font [lmroman10-regular]:mapping=tex-text;!
Missing character: There is no 据 in font [lmroman10-regular]:mapping=tex-text;!
Missing character: There is no 处 in font [lmroman10-regular]:mapping=tex-text;!
Missing character: There is no 理 in font [lmroman10-regular]:mapping=tex-text;!
Missing character: There is no 包 in font [lmroman10-regular]:mapping=tex-text;!
Missing character: There is no 。 in font [lmroman10-regular]:mapping=tex-text;!
Missing character: There is no 我 in font [lmroman10-regular]:mapping=tex-text;!
Missing character: There is no 简 in font [lmroman10-regular]:mapping=tex-text;!
Missing character: There is no 单 in font [lmroman10-regular]:mapping=tex-text;!
Missing character: There is no 接 in font [lmroman10-regular]:mapping=tex-text;!
Missing character: There is no 触 in font [lmroman10-regular]:mapping=tex-text;!
Missing character: There is no 过 in font [lmroman10-regular]:mapping=tex-text;!
Missing character: There is no ， in font [lmroman10-regular]:mapping=tex-text;!
Missing character: There is no 两 in font [lmroman10-regular]:mapping=tex-text;!
Missing character: There is no 种 in font [lmroman10-regular]:mapping=tex-text;!
Missing character: There is no 语 in font [lmroman10-regular]:mapping=tex-text;!
Missing character: There is no 言 in font [lmroman10-regular]:mapping=tex-text;!
Missing character: There is no ， in font [lmroman10-regular]:mapping=tex-text;!
Missing character: There is no 并 in font [lmroman10-regular]:mapping=tex-text;!
Missing character: There is no 没 in font [lmroman10-regular]:mapping=tex-text;!
Missing character: There is no 有 in font [lmroman10-regular]:mapping=tex-text;!
Missing character: There is no 深 in font [lmroman10-regular]:mapping=tex-text;!
Missing character: There is no 入 in font [lmroman10-regular]:mapping=tex-text;!
Missing character: There is no 比 in font [lmroman10-regular]:mapping=tex-text;!
Missing character: There is no 较 in font [lmroman10-regular]:mapping=tex-text;!
Missing character: There is no ， in font [lmroman10-regular]:mapping=tex-text;!
Missing character: There is no 所 in font [lmroman10-regular]:mapping=tex-text;!
Missing character: There is no 以 in font [lmroman10-regular]:mapping=tex-text;!
Missing character: There is no 我 in font [lmroman10-regular]:mapping=tex-text;!
Missing character: There is no 这 in font [lmroman10-regular]:mapping=tex-text;!
Missing character: There is no 个 in font [lmroman10-regular]:mapping=tex-text;!
Missing character: There is no 好 in font [lmroman10-regular]:mapping=tex-text;!
Missing character: There is no 用 in font [lmroman10-regular]:mapping=tex-text;!
Missing character: There is no 的 in font [lmroman10-regular]:mapping=tex-text;!
Missing character: There is no 印 in font [lmroman10-regular]:mapping=tex-text;!
Missing character: There is no 象 in font [lmroman10-regular]:mapping=tex-text;!
Missing character: There is no 仅 in font [lmroman10-regular]:mapping=tex-text;!
Missing character: There is no 仅 in font [lmroman10-regular]:mapping=tex-text;!
Missing character: There is no 是 in font [lmroman10-regular]:mapping=tex-text;!
Missing character: There is no 一 in font [lmroman10-regular]:mapping=tex-text;!
Missing character: There is no 家 in font [lmroman10-regular]:mapping=tex-text;!
Missing character: There is no 之 in font [lmroman10-regular]:mapping=tex-text;!
Missing character: There is no 言 in font [lmroman10-regular]:mapping=tex-text;!
Missing character: There is no 。 in font [lmroman10-regular]:mapping=tex-text;!
Missing character: There is no 包 in font [lmroman10-regular]:mapping=tex-text;!
Missing character: There is no 是 in font [lmroman10-regular]:mapping=tex-text;!
Missing character: There is no 我 in font [lmroman10-regular]:mapping=tex-text;!
Missing character: There is no 用 in font [lmroman10-regular]:mapping=tex-text;!
Missing character: There is no 了 in font [lmroman10-regular]:mapping=tex-text;!
Missing character: There is no 较 in font [lmroman10-regular]:mapping=tex-text;!
Missing character: There is no 长 in font [lmroman10-regular]:mapping=tex-text;!
Missing character: There is no 一 in font [lmroman10-regular]:mapping=tex-text;!
Missing character: There is no 段 in font [lmroman10-regular]:mapping=tex-text;!
Missing character: There is no 时 in font [lmroman10-regular]:mapping=tex-text;!
Missing character: There is no 间 in font [lmroman10-regular]:mapping=tex-text;!
Missing character: There is no 系 in font [lmroman10-regular]:mapping=tex-text;!
Missing character: There is no 列 in font [lmroman10-regular]:mapping=tex-text;!
Missing character: There is no 后 in font [lmroman10-regular]:mapping=tex-text;!
Missing character: There is no 发 in font [lmroman10-regular]:mapping=tex-text;!
Missing character: There is no 现 in font [lmroman10-regular]:mapping=tex-text;!
Missing character: There is no 的 in font [lmroman10-regular]:mapping=tex-text;!
Missing character: There is no 数 in font [lmroman10-regular]:mapping=tex-text;!
Missing character: There is no 据 in font [lmroman10-regular]:mapping=tex-text;!
Missing character: There is no 处 in font [lmroman10-regular]:mapping=tex-text;!
Missing character: There is no 理 in font [lmroman10-regular]:mapping=tex-text;!
Missing character: There is no 包 in font [lmroman10-regular]:mapping=tex-text;!
Missing character: There is no 。 in font [lmroman10-regular]:mapping=tex-text;!
Missing character: There is no 已 in font [lmroman10-regular]:mapping=tex-text;!
Missing character: There is no 经 in font [lmroman10-regular]:mapping=tex-text;!
Missing character: There is no 忘 in font [lmroman10-regular]:mapping=tex-text;!
Missing character: There is no 记 in font [lmroman10-regular]:mapping=tex-text;!
Missing character: There is no 最 in font [lmroman10-regular]:mapping=tex-text;!
Missing character: There is no 初 in font [lmroman10-regular]:mapping=tex-text;!
Missing character: There is no 是 in font [lmroman10-regular]:mapping=tex-text;!
Missing character: There is no 什 in font [lmroman10-regular]:mapping=tex-text;!
Missing character: There is no 么 in font [lmroman10-regular]:mapping=tex-text;!
Missing character: There is no 吸 in font [lmroman10-regular]:mapping=tex-text;!
Missing character: There is no 引 in font [lmroman10-regular]:mapping=tex-text;!
Missing character: There is no 了 in font [lmroman10-regular]:mapping=tex-text;!
Missing character: There is no 我 in font [lmroman10-regular]:mapping=tex-text;!
Missing character: There is no ， in font [lmroman10-regular]:mapping=tex-text;!
Missing character: There is no 我 in font [lmroman10-regular]:mapping=tex-text;!
Missing character: There is no 猜 in font [lmroman10-regular]:mapping=tex-text;!
Missing character: There is no 测 in font [lmroman10-regular]:mapping=tex-text;!
Missing character: There is no 可 in font [lmroman10-regular]:mapping=tex-text;!
Missing character: There is no 能 in font [lmroman10-regular]:mapping=tex-text;!
Missing character: There is no 是 in font [lmroman10-regular]:mapping=tex-text;!
Missing character: There is no 大 in font [lmroman10-regular]:mapping=tex-text;!
Missing character: There is no 数 in font [lmroman10-regular]:mapping=tex-text;!
Missing character: There is no 据 in font [lmroman10-regular]:mapping=tex-text;!
Missing character: There is no 处 in font [lmroman10-regular]:mapping=tex-text;!
Missing character: There is no 理 in font [lmroman10-regular]:mapping=tex-text;!
Missing character: There is no 利 in font [lmroman10-regular]:mapping=tex-text;!
Missing character: There is no 器 in font [lmroman10-regular]:mapping=tex-text;!
Missing character: There is no 之 in font [lmroman10-regular]:mapping=tex-text;!
Missing character: There is no 类 in font [lmroman10-regular]:mapping=tex-text;!
Missing character: There is no 的 in font [lmroman10-regular]:mapping=tex-text;!
Missing character: There is no 标 in font [lmroman10-regular]:mapping=tex-text;!
Missing character: There is no 签 in font [lmroman10-regular]:mapping=tex-text;!
Missing character: There is no 吸 in font [lmroman10-regular]:mapping=tex-text;!
Missing character: There is no 引 in font [lmroman10-regular]:mapping=tex-text;!
Missing character: There is no 了 in font [lmroman10-regular]:mapping=tex-text;!
Missing character: There is no 我 in font [lmroman10-regular]:mapping=tex-text;!
Missing character: There is no ， in font [lmroman10-regular]:mapping=tex-text;!
Missing character: There is no 因 in font [lmroman10-regular]:mapping=tex-text;!
Missing character: There is no 为 in font [lmroman10-regular]:mapping=tex-text;!
Missing character: There is no 我 in font [lmroman10-regular]:mapping=tex-text;!
Missing character: There is no 喜 in font [lmroman10-regular]:mapping=tex-text;!
Missing character: There is no 欢 in font [lmroman10-regular]:mapping=tex-text;!
Missing character: There is no 快 in font [lmroman10-regular]:mapping=tex-text;!
Missing character: There is no 。 in font [lmroman10-regular]:mapping=tex-text;!
Missing character: There is no 但 in font [lmroman10-regular]:mapping=tex-text;!
Missing character: There is no 是 in font [lmroman10-regular]:mapping=tex-text;!
Missing character: There is no 和 in font [lmroman10-regular]:mapping=tex-text;!
Missing character: There is no 大 in font [lmroman10-regular]:mapping=tex-text;!
Missing character: There is no 部 in font [lmroman10-regular]:mapping=tex-text;!
Missing character: There is no 分 in font [lmroman10-regular]:mapping=tex-text;!
Missing character: There is no 人 in font [lmroman10-regular]:mapping=tex-text;!
Missing character: There is no 可 in font [lmroman10-regular]:mapping=tex-text;!
Missing character: There is no 能 in font [lmroman10-regular]:mapping=tex-text;!
Missing character: There is no 不 in font [lmroman10-regular]:mapping=tex-text;!
Missing character: There is no 同 in font [lmroman10-regular]:mapping=tex-text;!
Missing character: There is no 的 in font [lmroman10-regular]:mapping=tex-text;!
Missing character: There is no 是 in font [lmroman10-regular]:mapping=tex-text;!
Missing character: There is no ， in font [lmroman10-regular]:mapping=tex-text;!
Missing character: There is no 初 in font [lmroman10-regular]:mapping=tex-text;!
Missing character: There is no 次 in font [lmroman10-regular]:mapping=tex-text;!
Missing character: There is no 接 in font [lmroman10-regular]:mapping=tex-text;!
Missing character: There is no 触 in font [lmroman10-regular]:mapping=tex-text;!
Missing character: There is no 时 in font [lmroman10-regular]:mapping=tex-text;!
Missing character: There is no ， in font [lmroman10-regular]:mapping=tex-text;!
Missing character: There is no 语 in font [lmroman10-regular]:mapping=tex-text;!
Missing character: There is no 法 in font [lmroman10-regular]:mapping=tex-text;!
Missing character: There is no 的 in font [lmroman10-regular]:mapping=tex-text;!
Missing character: There is no 怪 in font [lmroman10-regular]:mapping=tex-text;!
Missing character: There is no 异 in font [lmroman10-regular]:mapping=tex-text;!
Missing character: There is no 并 in font [lmroman10-regular]:mapping=tex-text;!
Missing character: There is no 没 in font [lmroman10-regular]:mapping=tex-text;!
Missing character: There is no 有 in font [lmroman10-regular]:mapping=tex-text;!
Missing character: There is no 给 in font [lmroman10-regular]:mapping=tex-text;!
Missing character: There is no 我 in font [lmroman10-regular]:mapping=tex-text;!
Missing character: There is no 带 in font [lmroman10-regular]:mapping=tex-text;!
Missing character: There is no 来 in font [lmroman10-regular]:mapping=tex-text;!
Missing character: There is no 多 in font [lmroman10-regular]:mapping=tex-text;!
Missing character: There is no 少 in font [lmroman10-regular]:mapping=tex-text;!
Missing character: There is no 麻 in font [lmroman10-regular]:mapping=tex-text;!
Missing character: There is no 烦 in font [lmroman10-regular]:mapping=tex-text;!
Missing character: There is no ， in font [lmroman10-regular]:mapping=tex-text;!
Missing character: There is no 因 in font [lmroman10-regular]:mapping=tex-text;!
Missing character: There is no 为 in font [lmroman10-regular]:mapping=tex-text;!
Missing character: There is no 我 in font [lmroman10-regular]:mapping=tex-text;!
Missing character: There is no 本 in font [lmroman10-regular]:mapping=tex-text;!
Missing character: There is no 来 in font [lmroman10-regular]:mapping=tex-text;!
Missing character: There is no 就 in font [lmroman10-regular]:mapping=tex-text;!
Missing character: There is no 没 in font [lmroman10-regular]:mapping=tex-text;!
Missing character: There is no 有 in font [lmroman10-regular]:mapping=tex-text;!
Missing character: There is no 编 in font [lmroman10-regular]:mapping=tex-text;!
Missing character: There is no 程 in font [lmroman10-regular]:mapping=tex-text;!
Missing character: There is no 基 in font [lmroman10-regular]:mapping=tex-text;!
Missing character: There is no 础 in font [lmroman10-regular]:mapping=tex-text;!
Missing character: There is no 以 in font [lmroman10-regular]:mapping=tex-text;!
Missing character: There is no 及 in font [lmroman10-regular]:mapping=tex-text;!
Missing character: There is no 很 in font [lmroman10-regular]:mapping=tex-text;!
Missing character: There is no 深 in font [lmroman10-regular]:mapping=tex-text;!
Missing character: There is no 的 in font [lmroman10-regular]:mapping=tex-text;!
Missing character: There is no 语 in font [lmroman10-regular]:mapping=tex-text;!
Missing character: There is no 言 in font [lmroman10-regular]:mapping=tex-text;!
Missing character: There is no 基 in font [lmroman10-regular]:mapping=tex-text;!
Missing character: There is no 础 in font [lmroman10-regular]:mapping=tex-text;!
Missing character: There is no 。 in font [lmroman10-regular]:mapping=tex-text;!
Missing character: There is no 所 in font [lmroman10-regular]:mapping=tex-text;!
Missing character: There is no 以 in font [lmroman10-regular]:mapping=tex-text;!
Missing character: There is no 我 in font [lmroman10-regular]:mapping=tex-text;!
Missing character: There is no 死 in font [lmroman10-regular]:mapping=tex-text;!
Missing character: There is no 记 in font [lmroman10-regular]:mapping=tex-text;!
Missing character: There is no 硬 in font [lmroman10-regular]:mapping=tex-text;!
Missing character: There is no 背 in font [lmroman10-regular]:mapping=tex-text;!
Missing character: There is no 一 in font [lmroman10-regular]:mapping=tex-text;!
Missing character: There is no 些 in font [lmroman10-regular]:mapping=tex-text;!
Missing character: There is no 常 in font [lmroman10-regular]:mapping=tex-text;!
Missing character: There is no 用 in font [lmroman10-regular]:mapping=tex-text;!
Missing character: There is no 的 in font [lmroman10-regular]:mapping=tex-text;!
Missing character: There is no 用 in font [lmroman10-regular]:mapping=tex-text;!
Missing character: There is no 法 in font [lmroman10-regular]:mapping=tex-text;!
Missing character: There is no ， in font [lmroman10-regular]:mapping=tex-text;!
Missing character: There is no 尤 in font [lmroman10-regular]:mapping=tex-text;!
Missing character: There is no 其 in font [lmroman10-regular]:mapping=tex-text;!
Missing character: There is no 喜 in font [lmroman10-regular]:mapping=tex-text;!
Missing character: There is no 欢 in font [lmroman10-regular]:mapping=tex-text;!
Missing character: There is no 拿 in font [lmroman10-regular]:mapping=tex-text;!
Missing character: There is no 的 in font [lmroman10-regular]:mapping=tex-text;!
Missing character: There is no 一 in font [lmroman10-regular]:mapping=tex-text;!
Missing character: There is no 些 in font [lmroman10-regular]:mapping=tex-text;!
Missing character: There is no 用 in font [lmroman10-regular]:mapping=tex-text;!
Missing character: There is no 法 in font [lmroman10-regular]:mapping=tex-text;!
Missing character: There is no 参 in font [lmroman10-regular]:mapping=tex-text;!
Missing character: There is no 照 in font [lmroman10-regular]:mapping=tex-text;!
Missing character: There is no ， in font [lmroman10-regular]:mapping=tex-text;!
Missing character: There is no 去 in font [lmroman10-regular]:mapping=tex-text;!
Missing character: There is no 实 in font [lmroman10-regular]:mapping=tex-text;!
Missing character: There is no 现 in font [lmroman10-regular]:mapping=tex-text;!
Missing character: There is no 上 in font [lmroman10-regular]:mapping=tex-text;!
Missing character: There is no 面 in font [lmroman10-regular]:mapping=tex-text;!
Missing character: There is no 的 in font [lmroman10-regular]:mapping=tex-text;!
Missing character: There is no 部 in font [lmroman10-regular]:mapping=tex-text;!
Missing character: There is no 分 in font [lmroman10-regular]:mapping=tex-text;!
Missing character: There is no 操 in font [lmroman10-regular]:mapping=tex-text;!
Missing character: There is no 作 in font [lmroman10-regular]:mapping=tex-text;!
Missing character: There is no ， in font [lmroman10-regular]:mapping=tex-text;!
Missing character: There is no 从 in font [lmroman10-regular]:mapping=tex-text;!
Missing character: There is no 读 in font [lmroman10-regular]:mapping=tex-text;!
Missing character: There is no 取 in font [lmroman10-regular]:mapping=tex-text;!
Missing character: There is no 、 in font [lmroman10-regular]:mapping=tex-text;!
Missing character: There is no 增 in font [lmroman10-regular]:mapping=tex-text;!
Missing character: There is no 、 in font [lmroman10-regular]:mapping=tex-text;!
Missing character: There is no 改 in font [lmroman10-regular]:mapping=tex-text;!
Missing character: There is no 、 in font [lmroman10-regular]:mapping=tex-text;!
Missing character: There is no 删 in font [lmroman10-regular]:mapping=tex-text;!
Missing character: There is no 除 in font [lmroman10-regular]:mapping=tex-text;!
Missing character: There is no 、 in font [lmroman10-regular]:mapping=tex-text;!
Missing character: There is no 筛 in font [lmroman10-regular]:mapping=tex-text;!
Missing character: There is no 选 in font [lmroman10-regular]:mapping=tex-text;!
Missing character: There is no 、 in font [lmroman10-regular]:mapping=tex-text;!
Missing character: There is no 计 in font [lmroman10-regular]:mapping=tex-text;!
Missing character: There is no 算 in font [lmroman10-regular]:mapping=tex-text;!
Missing character: There is no 列 in font [lmroman10-regular]:mapping=tex-text;!
Missing character: There is no 等 in font [lmroman10-regular]:mapping=tex-text;!
Missing character: There is no 常 in font [lmroman10-regular]:mapping=tex-text;!
Missing character: There is no 规 in font [lmroman10-regular]:mapping=tex-text;!
Missing character: There is no 操 in font [lmroman10-regular]:mapping=tex-text;!
Missing character: There is no 作 in font [lmroman10-regular]:mapping=tex-text;!
Missing character: There is no 入 in font [lmroman10-regular]:mapping=tex-text;!
Missing character: There is no 手 in font [lmroman10-regular]:mapping=tex-text;!
Missing character: There is no 。 in font [lmroman10-regular]:mapping=tex-text;!
Missing character: There is no 慢 in font [lmroman10-regular]:mapping=tex-text;!
Missing character: There is no 慢 in font [lmroman10-regular]:mapping=tex-text;!
Missing character: There is no 熟 in font [lmroman10-regular]:mapping=tex-text;!
Missing character: There is no 悉 in font [lmroman10-regular]:mapping=tex-text;!
Missing character: There is no 语 in font [lmroman10-regular]:mapping=tex-text;!
Missing character: There is no 法 in font [lmroman10-regular]:mapping=tex-text;!
Missing character: There is no 之 in font [lmroman10-regular]:mapping=tex-text;!
Missing character: There is no 后 in font [lmroman10-regular]:mapping=tex-text;!
Missing character: There is no ， in font [lmroman10-regular]:mapping=tex-text;!
Missing character: There is no 将 in font [lmroman10-regular]:mapping=tex-text;!
Missing character: There is no 会 in font [lmroman10-regular]:mapping=tex-text;!
Missing character: There is no 享 in font [lmroman10-regular]:mapping=tex-text;!
Missing character: There is no 受 in font [lmroman10-regular]:mapping=tex-text;!
Missing character: There is no 带 in font [lmroman10-regular]:mapping=tex-text;!
Missing character: There is no 来 in font [lmroman10-regular]:mapping=tex-text;!
Missing character: There is no 的 in font [lmroman10-regular]:mapping=tex-text;!
Missing character: There is no 便 in font [lmroman10-regular]:mapping=tex-text;!
Missing character: There is no 利 in font [lmroman10-regular]:mapping=tex-text;!
Missing character: There is no ， in font [lmroman10-regular]:mapping=tex-text;!
Missing character: There is no 其 in font [lmroman10-regular]:mapping=tex-text;!
Missing character: There is no 简 in font [lmroman10-regular]:mapping=tex-text;!
Missing character: There is no 洁 in font [lmroman10-regular]:mapping=tex-text;!
Missing character: There is no 的 in font [lmroman10-regular]:mapping=tex-text;!
Missing character: There is no 语 in font [lmroman10-regular]:mapping=tex-text;!
Missing character: There is no 法 in font [lmroman10-regular]:mapping=tex-text;!
Missing character: There is no 以 in font [lmroman10-regular]:mapping=tex-text;!
Missing character: There is no 及 in font [lmroman10-regular]:mapping=tex-text;!
Missing character: There is no 高 in font [lmroman10-regular]:mapping=tex-text;!
Missing character: There is no 效 in font [lmroman10-regular]:mapping=tex-text;!
Missing character: There is no 的 in font [lmroman10-regular]:mapping=tex-text;!
Missing character: There is no 计 in font [lmroman10-regular]:mapping=tex-text;!
Missing character: There is no 算 in font [lmroman10-regular]:mapping=tex-text;!
Missing character: There is no 速 in font [lmroman10-regular]:mapping=tex-text;!
Missing character: There is no 度 in font [lmroman10-regular]:mapping=tex-text;!
Missing character: There is no （ in font [lmroman10-regular]:mapping=tex-text;!
Missing character: There is no 相 in font [lmroman10-regular]:mapping=tex-text;!
Missing character: There is no 比 in font [lmroman10-regular]:mapping=tex-text;!
Missing character: There is no 系 in font [lmroman10-regular]:mapping=tex-text;!
Missing character: There is no 列 in font [lmroman10-regular]:mapping=tex-text;!
Missing character: There is no ） in font [lmroman10-regular]:mapping=tex-text;!
Missing character: There is no 。 in font [lmroman10-regular]:mapping=tex-text;!

Overfull \hbox (604.62pt too wide) in paragraph at lines 174--175
[]\TU/lmr/m/n/10 data.table包是我用了较长一段时间tidyverse系列后发现的“数据处理包”。已经忘记最初是什么吸引了我，我猜测可
能是“大数据处理利器”之类的标签吸引了我，因为我喜欢“快”。但是和大部分人可能不同的是，初次接触时，语法的“怪异”并没有给我带来多少麻烦，因为我本来就没有编程
基础以及很深的R语言基础。所以我死记硬背一些常用的用法，尤其喜欢拿Excle的一些用法参照，去实现Excle上面的部分操作，从读取、增、改、删除、筛选、计算列
等常规操作入手。慢慢熟悉data.table语法之后，将会享受data.table带来的便利，其简洁的语法以及高效的计算速度（相比tidyverse系列）。 

 []

Missing character: There is no 另 in font [lmroman10-regular]:mapping=tex-text;!
Missing character: There is no 外 in font [lmroman10-regular]:mapping=tex-text;!
Missing character: There is no ， in font [lmroman10-regular]:mapping=tex-text;!
Missing character: There is no 中 in font [lmroman10-regular]:mapping=tex-text;!
Missing character: There is no 也 in font [lmroman10-regular]:mapping=tex-text;!
Missing character: There is no 有 in font [lmroman10-regular]:mapping=tex-text;!
Missing character: There is no 该 in font [lmroman10-regular]:mapping=tex-text;!
Missing character: There is no 包 in font [lmroman10-regular]:mapping=tex-text;!
Missing character: There is no ， in font [lmroman10-regular]:mapping=tex-text;!
Missing character: There is no 目 in font [lmroman10-regular]:mapping=tex-text;!
Missing character: There is no 前 in font [lmroman10-regular]:mapping=tex-text;!
Missing character: There is no 正 in font [lmroman10-regular]:mapping=tex-text;!
Missing character: There is no 在 in font [lmroman10-regular]:mapping=tex-text;!
Missing character: There is no 积 in font [lmroman10-regular]:mapping=tex-text;!
Missing character: There is no 极 in font [lmroman10-regular]:mapping=tex-text;!
Missing character: There is no 开 in font [lmroman10-regular]:mapping=tex-text;!
Missing character: There is no 发 in font [lmroman10-regular]:mapping=tex-text;!
Missing character: There is no 中 in font [lmroman10-regular]:mapping=tex-text;!
Missing character: There is no ， in font [lmroman10-regular]:mapping=tex-text;!
Missing character: There is no 期 in font [lmroman10-regular]:mapping=tex-text;!
Missing character: There is no 待 in font [lmroman10-regular]:mapping=tex-text;!
Missing character: There is no ， in font [lmroman10-regular]:mapping=tex-text;!
Missing character: There is no 毕 in font [lmroman10-regular]:mapping=tex-text;!
Missing character: There is no 竟 in font [lmroman10-regular]:mapping=tex-text;!
Missing character: There is no 也 in font [lmroman10-regular]:mapping=tex-text;!
Missing character: There is no 是 in font [lmroman10-regular]:mapping=tex-text;!
Missing character: There is no 很 in font [lmroman10-regular]:mapping=tex-text;!
Missing character: There is no 好 in font [lmroman10-regular]:mapping=tex-text;!
Missing character: There is no 用 in font [lmroman10-regular]:mapping=tex-text;!
Missing character: There is no ， in font [lmroman10-regular]:mapping=tex-text;!
Missing character: There is no 在 in font [lmroman10-regular]:mapping=tex-text;!
Missing character: There is no 不 in font [lmroman10-regular]:mapping=tex-text;!
Missing character: There is no 同 in font [lmroman10-regular]:mapping=tex-text;!
Missing character: There is no 需 in font [lmroman10-regular]:mapping=tex-text;!
Missing character: There is no 求 in font [lmroman10-regular]:mapping=tex-text;!
Missing character: There is no 下 in font [lmroman10-regular]:mapping=tex-text;!
Missing character: There is no 选 in font [lmroman10-regular]:mapping=tex-text;!
Missing character: There is no 择 in font [lmroman10-regular]:mapping=tex-text;!
Missing character: There is no 不 in font [lmroman10-regular]:mapping=tex-text;!
Missing character: There is no 同 in font [lmroman10-regular]:mapping=tex-text;!
Missing character: There is no 的 in font [lmroman10-regular]:mapping=tex-text;!
Missing character: There is no 语 in font [lmroman10-regular]:mapping=tex-text;!
Missing character: There is no 言 in font [lmroman10-regular]:mapping=tex-text;!
Missing character: There is no 实 in font [lmroman10-regular]:mapping=tex-text;!
Missing character: There is no 现 in font [lmroman10-regular]:mapping=tex-text;!
Missing character: There is no 功 in font [lmroman10-regular]:mapping=tex-text;!
Missing character: There is no 能 in font [lmroman10-regular]:mapping=tex-text;!
Missing character: There is no 。 in font [lmroman10-regular]:mapping=tex-text;!
Missing character: There is no 官 in font [lmroman10-regular]:mapping=tex-text;!
Missing character: There is no 方 in font [lmroman10-regular]:mapping=tex-text;!
Missing character: There is no 关 in font [lmroman10-regular]:mapping=tex-text;!
Missing character: There is no 于 in font [lmroman10-regular]:mapping=tex-text;!
Missing character: There is no 的 in font [lmroman10-regular]:mapping=tex-text;!
Missing character: There is no 基 in font [lmroman10-regular]:mapping=tex-text;!
Missing character: There is no 础 in font [lmroman10-regular]:mapping=tex-text;!
Missing character: There is no 介 in font [lmroman10-regular]:mapping=tex-text;!
Missing character: There is no 绍 in font [lmroman10-regular]:mapping=tex-text;!
Missing character: There is no 请 in font [lmroman10-regular]:mapping=tex-text;!
Missing character: There is no 参 in font [lmroman10-regular]:mapping=tex-text;!
Missing character: There is no 阅 in font [lmroman10-regular]:mapping=tex-text;!

Underfull \hbox (badness 10000) in paragraph at lines 180--181
[][]$[][][][][] [] [] [] [][][][] [] [] [][] [][][][][][][] [] [][][] [] [][][]
 [] [][][][][][][][] [] [][][][] [] [][][][][] [] [][][][][][][][][] [] [][][][
][][][][][] [][]
 []

Missing character: There is no 基 in font [lmroman12-bold]:mapping=tex-text;!
Missing character: There is no 础 in font [lmroman12-bold]:mapping=tex-text;!
Missing character: There is no 介 in font [lmroman12-bold]:mapping=tex-text;!
Missing character: There is no 绍 in font [lmroman12-bold]:mapping=tex-text;!
Missing character: There is no 基 in font [lmroman12-bold]:mapping=tex-text;!
Missing character: There is no 本 in font [lmroman12-bold]:mapping=tex-text;!
Missing character: There is no 格 in font [lmroman12-bold]:mapping=tex-text;!
Missing character: There is no 式 in font [lmroman12-bold]:mapping=tex-text;!
LaTeX Font Info:    Font shape `TU/lmtt/bx/n' in size <10> not available
(Font)              Font shape `TU/lmtt/b/n' tried instead on input line 191.

LaTeX Font Warning: Font shape `TU/lmtt/bx/it' in size <10> not available
(Font)              Font shape `TU/lmtt/b/sl' tried instead on input line 191.

Missing character: There is no 个 in font [lmroman10-regular]:mapping=tex-text;!
Missing character: There is no 人 in font [lmroman10-regular]:mapping=tex-text;!
Missing character: There is no 理 in font [lmroman10-regular]:mapping=tex-text;!
Missing character: There is no 解 in font [lmroman10-regular]:mapping=tex-text;!
Missing character: There is no 主 in font [lmroman10-regular]:mapping=tex-text;!
Missing character: There is no 要 in font [lmroman10-regular]:mapping=tex-text;!
Missing character: There is no 有 in font [lmroman10-regular]:mapping=tex-text;!
Missing character: There is no 三 in font [lmroman10-regular]:mapping=tex-text;!
Missing character: There is no 大 in font [lmroman10-regular]:mapping=tex-text;!
Missing character: There is no 类 in font [lmroman10-regular]:mapping=tex-text;!
Missing character: There is no 参 in font [lmroman10-regular]:mapping=tex-text;!
Missing character: There is no 数 in font [lmroman10-regular]:mapping=tex-text;!
Missing character: There is no 参 in font [lmroman10-regular]:mapping=tex-text;!
Missing character: There is no 数 in font [lmroman10-regular]:mapping=tex-text;!
Missing character: There is no 做 in font [lmroman10-regular]:mapping=tex-text;!
Missing character: There is no 筛 in font [lmroman10-regular]:mapping=tex-text;!
Missing character: There is no 选 in font [lmroman10-regular]:mapping=tex-text;!
Missing character: There is no 参 in font [lmroman10-regular]:mapping=tex-text;!
Missing character: There is no 数 in font [lmroman10-regular]:mapping=tex-text;!
Missing character: There is no 做 in font [lmroman10-regular]:mapping=tex-text;!
Missing character: There is no 计 in font [lmroman10-regular]:mapping=tex-text;!
Missing character: There is no 算 in font [lmroman10-regular]:mapping=tex-text;!
Missing character: There is no 参 in font [lmroman10-regular]:mapping=tex-text;!
Missing ch

! xdvipdfmx:fatal: File ended prematurely


! No output PDF file written.
